 [LOGGER] 2024-09-28 12:58:31.618 AM ERROR : uncaughtException: тип Unable to compile TypeScript:
[96msrc/router/auth-router.ts[0m:[93m1[0m:[93m33[0m - [91merror[0m[90m TS2307: [0mCannot find module '../controller/auth-controller' or its corresponding type declarations.

[7m1[0m import { login, register } from '../controller/auth-controller';
[7m [0m [91m                                ~~~~~~~~~~~~~~~~~~~~~~~~~~~~~~~[0m

TSError: тип Unable to compile TypeScript:
[96msrc/router/auth-router.ts[0m:[93m1[0m:[93m33[0m - [91merror[0m[90m TS2307: [0mCannot find module '../controller/auth-controller' or its corresponding type declarations.

[7m1[0m import { login, register } from '../controller/auth-controller';
[7m [0m [91m                                ~~~~~~~~~~~~~~~~~~~~~~~~~~~~~~~[0m

    at createTSError (D:\wa\Backend-Test-Case\node_modules\ts-node\src\index.ts:859:12)
    at reportTSError (D:\wa\Backend-Test-Case\node_modules\ts-node\src\index.ts:863:19)
    at getOutput (D:\wa\Backend-Test-Case\node_modules\ts-node\src\index.ts:1077:36)
    at Object.compile (D:\wa\Backend-Test-Case\node_modules\ts-node\src\index.ts:1433:41)
    at Module.m._compile (D:\wa\Backend-Test-Case\node_modules\ts-node\src\index.ts:1617:30)
    at Module._extensions..js (node:internal/modules/cjs/loader:1548:10)
    at Object.require.extensions.<computed> [as .ts] (D:\wa\Backend-Test-Case\node_modules\ts-node\src\index.ts:1621:12)
    at Module.load (node:internal/modules/cjs/loader:1288:32)
    at Function.Module._load (node:internal/modules/cjs/loader:1104:12)
    at Module.require (node:internal/modules/cjs/loader:1311:19)
 [LOGGER] 2024-09-28 12:58:59.188 AM ERROR : uncaughtException: тип Unable to compile TypeScript:
[96msrc/router/auth-router.ts[0m:[93m1[0m:[93m33[0m - [91merror[0m[90m TS2307: [0mCannot find module '../controller/auth-controller' or its corresponding type declarations.

[7m1[0m import { login, register } from '../controller/auth-controller';
[7m [0m [91m                                ~~~~~~~~~~~~~~~~~~~~~~~~~~~~~~~[0m

TSError: тип Unable to compile TypeScript:
[96msrc/router/auth-router.ts[0m:[93m1[0m:[93m33[0m - [91merror[0m[90m TS2307: [0mCannot find module '../controller/auth-controller' or its corresponding type declarations.

[7m1[0m import { login, register } from '../controller/auth-controller';
[7m [0m [91m                                ~~~~~~~~~~~~~~~~~~~~~~~~~~~~~~~[0m

    at createTSError (D:\wa\Backend-Test-Case\node_modules\ts-node\src\index.ts:859:12)
    at reportTSError (D:\wa\Backend-Test-Case\node_modules\ts-node\src\index.ts:863:19)
    at getOutput (D:\wa\Backend-Test-Case\node_modules\ts-node\src\index.ts:1077:36)
    at Object.compile (D:\wa\Backend-Test-Case\node_modules\ts-node\src\index.ts:1433:41)
    at Module.m._compile (D:\wa\Backend-Test-Case\node_modules\ts-node\src\index.ts:1617:30)
    at Module._extensions..js (node:internal/modules/cjs/loader:1548:10)
    at Object.require.extensions.<computed> [as .ts] (D:\wa\Backend-Test-Case\node_modules\ts-node\src\index.ts:1621:12)
    at Module.load (node:internal/modules/cjs/loader:1288:32)
    at Function.Module._load (node:internal/modules/cjs/loader:1104:12)
    at Module.require (node:internal/modules/cjs/loader:1311:19)
 [LOGGER] 2024-09-28 01:00:18.523 AM ERROR : uncaughtException: тип Unable to compile TypeScript:
[96msrc/router/auth-router.ts[0m:[93m1[0m:[93m33[0m - [91merror[0m[90m TS2307: [0mCannot find module '../controller/auth-controller' or its corresponding type declarations.

[7m1[0m import { login, register } from '../controller/auth-controller';
[7m [0m [91m                                ~~~~~~~~~~~~~~~~~~~~~~~~~~~~~~~[0m

TSError: тип Unable to compile TypeScript:
[96msrc/router/auth-router.ts[0m:[93m1[0m:[93m33[0m - [91merror[0m[90m TS2307: [0mCannot find module '../controller/auth-controller' or its corresponding type declarations.

[7m1[0m import { login, register } from '../controller/auth-controller';
[7m [0m [91m                                ~~~~~~~~~~~~~~~~~~~~~~~~~~~~~~~[0m

    at createTSError (D:\wa\Backend-Test-Case\node_modules\ts-node\src\index.ts:859:12)
    at reportTSError (D:\wa\Backend-Test-Case\node_modules\ts-node\src\index.ts:863:19)
    at getOutput (D:\wa\Backend-Test-Case\node_modules\ts-node\src\index.ts:1077:36)
    at Object.compile (D:\wa\Backend-Test-Case\node_modules\ts-node\src\index.ts:1433:41)
    at Module.m._compile (D:\wa\Backend-Test-Case\node_modules\ts-node\src\index.ts:1617:30)
    at Module._extensions..js (node:internal/modules/cjs/loader:1548:10)
    at Object.require.extensions.<computed> [as .ts] (D:\wa\Backend-Test-Case\node_modules\ts-node\src\index.ts:1621:12)
    at Module.load (node:internal/modules/cjs/loader:1288:32)
    at Function.Module._load (node:internal/modules/cjs/loader:1104:12)
    at Module.require (node:internal/modules/cjs/loader:1311:19)
 [LOGGER] 2024-09-28 01:00:55.450 AM ERROR : uncaughtException: тип Unable to compile TypeScript:
[96msrc/router/auth-router.ts[0m:[93m1[0m:[93m33[0m - [91merror[0m[90m TS2307: [0mCannot find module '../controller/auth-controller' or its corresponding type declarations.

[7m1[0m import { login, register } from '../controller/auth-controller';
[7m [0m [91m                                ~~~~~~~~~~~~~~~~~~~~~~~~~~~~~~~[0m

TSError: тип Unable to compile TypeScript:
[96msrc/router/auth-router.ts[0m:[93m1[0m:[93m33[0m - [91merror[0m[90m TS2307: [0mCannot find module '../controller/auth-controller' or its corresponding type declarations.

[7m1[0m import { login, register } from '../controller/auth-controller';
[7m [0m [91m                                ~~~~~~~~~~~~~~~~~~~~~~~~~~~~~~~[0m

    at createTSError (D:\wa\Backend-Test-Case\node_modules\ts-node\src\index.ts:859:12)
    at reportTSError (D:\wa\Backend-Test-Case\node_modules\ts-node\src\index.ts:863:19)
    at getOutput (D:\wa\Backend-Test-Case\node_modules\ts-node\src\index.ts:1077:36)
    at Object.compile (D:\wa\Backend-Test-Case\node_modules\ts-node\src\index.ts:1433:41)
    at Module.m._compile (D:\wa\Backend-Test-Case\node_modules\ts-node\src\index.ts:1617:30)
    at Module._extensions..js (node:internal/modules/cjs/loader:1548:10)
    at Object.require.extensions.<computed> [as .ts] (D:\wa\Backend-Test-Case\node_modules\ts-node\src\index.ts:1621:12)
    at Module.load (node:internal/modules/cjs/loader:1288:32)
    at Function.Module._load (node:internal/modules/cjs/loader:1104:12)
    at Module.require (node:internal/modules/cjs/loader:1311:19)
 [LOGGER] 2024-09-28 01:01:00.880 AM ERROR : uncaughtException: тип Unable to compile TypeScript:
[96msrc/router/auth-router.ts[0m:[93m1[0m:[93m33[0m - [91merror[0m[90m TS2307: [0mCannot find module '../controller/auth-controller' or its corresponding type declarations.

[7m1[0m import { login, register } from '../controller/auth-controller';
[7m [0m [91m                                ~~~~~~~~~~~~~~~~~~~~~~~~~~~~~~~[0m

TSError: тип Unable to compile TypeScript:
[96msrc/router/auth-router.ts[0m:[93m1[0m:[93m33[0m - [91merror[0m[90m TS2307: [0mCannot find module '../controller/auth-controller' or its corresponding type declarations.

[7m1[0m import { login, register } from '../controller/auth-controller';
[7m [0m [91m                                ~~~~~~~~~~~~~~~~~~~~~~~~~~~~~~~[0m

    at createTSError (D:\wa\Backend-Test-Case\node_modules\ts-node\src\index.ts:859:12)
    at reportTSError (D:\wa\Backend-Test-Case\node_modules\ts-node\src\index.ts:863:19)
    at getOutput (D:\wa\Backend-Test-Case\node_modules\ts-node\src\index.ts:1077:36)
    at Object.compile (D:\wa\Backend-Test-Case\node_modules\ts-node\src\index.ts:1433:41)
    at Module.m._compile (D:\wa\Backend-Test-Case\node_modules\ts-node\src\index.ts:1617:30)
    at Module._extensions..js (node:internal/modules/cjs/loader:1548:10)
    at Object.require.extensions.<computed> [as .ts] (D:\wa\Backend-Test-Case\node_modules\ts-node\src\index.ts:1621:12)
    at Module.load (node:internal/modules/cjs/loader:1288:32)
    at Function.Module._load (node:internal/modules/cjs/loader:1104:12)
    at Module.require (node:internal/modules/cjs/loader:1311:19)
 [LOGGER] 2024-09-28 01:01:39.269 AM ERROR : uncaughtException: тип Unable to compile TypeScript:
[96msrc/router/auth-router.ts[0m:[93m1[0m:[93m33[0m - [91merror[0m[90m TS2307: [0mCannot find module '../controller/auth-controller' or its corresponding type declarations.

[7m1[0m import { login, register } from '../controller/auth-controller';
[7m [0m [91m                                ~~~~~~~~~~~~~~~~~~~~~~~~~~~~~~~[0m

TSError: тип Unable to compile TypeScript:
[96msrc/router/auth-router.ts[0m:[93m1[0m:[93m33[0m - [91merror[0m[90m TS2307: [0mCannot find module '../controller/auth-controller' or its corresponding type declarations.

[7m1[0m import { login, register } from '../controller/auth-controller';
[7m [0m [91m                                ~~~~~~~~~~~~~~~~~~~~~~~~~~~~~~~[0m

    at createTSError (D:\wa\Backend-Test-Case\node_modules\ts-node\src\index.ts:859:12)
    at reportTSError (D:\wa\Backend-Test-Case\node_modules\ts-node\src\index.ts:863:19)
    at getOutput (D:\wa\Backend-Test-Case\node_modules\ts-node\src\index.ts:1077:36)
    at Object.compile (D:\wa\Backend-Test-Case\node_modules\ts-node\src\index.ts:1433:41)
    at Module.m._compile (D:\wa\Backend-Test-Case\node_modules\ts-node\src\index.ts:1617:30)
    at Module._extensions..js (node:internal/modules/cjs/loader:1548:10)
    at Object.require.extensions.<computed> [as .ts] (D:\wa\Backend-Test-Case\node_modules\ts-node\src\index.ts:1621:12)
    at Module.load (node:internal/modules/cjs/loader:1288:32)
    at Function.Module._load (node:internal/modules/cjs/loader:1104:12)
    at Module.require (node:internal/modules/cjs/loader:1311:19)
 [LOGGER] 2024-09-28 01:02:00.624 AM ERROR : uncaughtException: тип Unable to compile TypeScript:
[96msrc/router/auth-router.ts[0m:[93m1[0m:[93m33[0m - [91merror[0m[90m TS2307: [0mCannot find module '../controller/auth-controller' or its corresponding type declarations.

[7m1[0m import { login, register } from '../controller/auth-controller';
[7m [0m [91m                                ~~~~~~~~~~~~~~~~~~~~~~~~~~~~~~~[0m

TSError: тип Unable to compile TypeScript:
[96msrc/router/auth-router.ts[0m:[93m1[0m:[93m33[0m - [91merror[0m[90m TS2307: [0mCannot find module '../controller/auth-controller' or its corresponding type declarations.

[7m1[0m import { login, register } from '../controller/auth-controller';
[7m [0m [91m                                ~~~~~~~~~~~~~~~~~~~~~~~~~~~~~~~[0m

    at createTSError (D:\wa\Backend-Test-Case\node_modules\ts-node\src\index.ts:859:12)
    at reportTSError (D:\wa\Backend-Test-Case\node_modules\ts-node\src\index.ts:863:19)
    at getOutput (D:\wa\Backend-Test-Case\node_modules\ts-node\src\index.ts:1077:36)
    at Object.compile (D:\wa\Backend-Test-Case\node_modules\ts-node\src\index.ts:1433:41)
    at Module.m._compile (D:\wa\Backend-Test-Case\node_modules\ts-node\src\index.ts:1617:30)
    at Module._extensions..js (node:internal/modules/cjs/loader:1548:10)
    at Object.require.extensions.<computed> [as .ts] (D:\wa\Backend-Test-Case\node_modules\ts-node\src\index.ts:1621:12)
    at Module.load (node:internal/modules/cjs/loader:1288:32)
    at Function.Module._load (node:internal/modules/cjs/loader:1104:12)
    at Module.require (node:internal/modules/cjs/loader:1311:19)
 [LOGGER] 2024-09-28 01:02:13.359 AM ERROR : uncaughtException: тип Unable to compile TypeScript:
[96msrc/router/auth-router.ts[0m:[93m1[0m:[93m33[0m - [91merror[0m[90m TS2307: [0mCannot find module '../controller/auth-controller' or its corresponding type declarations.

[7m1[0m import { login, register } from '../controller/auth-controller';
[7m [0m [91m                                ~~~~~~~~~~~~~~~~~~~~~~~~~~~~~~~[0m

TSError: тип Unable to compile TypeScript:
[96msrc/router/auth-router.ts[0m:[93m1[0m:[93m33[0m - [91merror[0m[90m TS2307: [0mCannot find module '../controller/auth-controller' or its corresponding type declarations.

[7m1[0m import { login, register } from '../controller/auth-controller';
[7m [0m [91m                                ~~~~~~~~~~~~~~~~~~~~~~~~~~~~~~~[0m

    at createTSError (D:\wa\Backend-Test-Case\node_modules\ts-node\src\index.ts:859:12)
    at reportTSError (D:\wa\Backend-Test-Case\node_modules\ts-node\src\index.ts:863:19)
    at getOutput (D:\wa\Backend-Test-Case\node_modules\ts-node\src\index.ts:1077:36)
    at Object.compile (D:\wa\Backend-Test-Case\node_modules\ts-node\src\index.ts:1433:41)
    at Module.m._compile (D:\wa\Backend-Test-Case\node_modules\ts-node\src\index.ts:1617:30)
    at Module._extensions..js (node:internal/modules/cjs/loader:1548:10)
    at Object.require.extensions.<computed> [as .ts] (D:\wa\Backend-Test-Case\node_modules\ts-node\src\index.ts:1621:12)
    at Module.load (node:internal/modules/cjs/loader:1288:32)
    at Function.Module._load (node:internal/modules/cjs/loader:1104:12)
    at Module.require (node:internal/modules/cjs/loader:1311:19)
 [LOGGER] 2024-09-28 01:04:44.577 AM ERROR : uncaughtException: тип Unable to compile TypeScript:
[96msrc/router/auth-router.ts[0m:[93m1[0m:[93m33[0m - [91merror[0m[90m TS2307: [0mCannot find module '../controller/auth-controller' or its corresponding type declarations.

[7m1[0m import { login, register } from '../controller/auth-controller';
[7m [0m [91m                                ~~~~~~~~~~~~~~~~~~~~~~~~~~~~~~~[0m

TSError: тип Unable to compile TypeScript:
[96msrc/router/auth-router.ts[0m:[93m1[0m:[93m33[0m - [91merror[0m[90m TS2307: [0mCannot find module '../controller/auth-controller' or its corresponding type declarations.

[7m1[0m import { login, register } from '../controller/auth-controller';
[7m [0m [91m                                ~~~~~~~~~~~~~~~~~~~~~~~~~~~~~~~[0m

    at createTSError (D:\wa\Backend-Test-Case\node_modules\ts-node\src\index.ts:859:12)
    at reportTSError (D:\wa\Backend-Test-Case\node_modules\ts-node\src\index.ts:863:19)
    at getOutput (D:\wa\Backend-Test-Case\node_modules\ts-node\src\index.ts:1077:36)
    at Object.compile (D:\wa\Backend-Test-Case\node_modules\ts-node\src\index.ts:1433:41)
    at Module.m._compile (D:\wa\Backend-Test-Case\node_modules\ts-node\src\index.ts:1617:30)
    at Module._extensions..js (node:internal/modules/cjs/loader:1548:10)
    at Object.require.extensions.<computed> [as .ts] (D:\wa\Backend-Test-Case\node_modules\ts-node\src\index.ts:1621:12)
    at Module.load (node:internal/modules/cjs/loader:1288:32)
    at Function.Module._load (node:internal/modules/cjs/loader:1104:12)
    at Module.require (node:internal/modules/cjs/loader:1311:19)
 [LOGGER] 2024-09-28 01:05:16.686 AM ERROR : uncaughtException: тип Unable to compile TypeScript:
[96msrc/router/auth-router.ts[0m:[93m1[0m:[93m33[0m - [91merror[0m[90m TS2307: [0mCannot find module '../controller/auth-controller' or its corresponding type declarations.

[7m1[0m import { login, register } from '../controller/auth-controller';
[7m [0m [91m                                ~~~~~~~~~~~~~~~~~~~~~~~~~~~~~~~[0m

TSError: тип Unable to compile TypeScript:
[96msrc/router/auth-router.ts[0m:[93m1[0m:[93m33[0m - [91merror[0m[90m TS2307: [0mCannot find module '../controller/auth-controller' or its corresponding type declarations.

[7m1[0m import { login, register } from '../controller/auth-controller';
[7m [0m [91m                                ~~~~~~~~~~~~~~~~~~~~~~~~~~~~~~~[0m

    at createTSError (D:\wa\Backend-Test-Case\node_modules\ts-node\src\index.ts:859:12)
    at reportTSError (D:\wa\Backend-Test-Case\node_modules\ts-node\src\index.ts:863:19)
    at getOutput (D:\wa\Backend-Test-Case\node_modules\ts-node\src\index.ts:1077:36)
    at Object.compile (D:\wa\Backend-Test-Case\node_modules\ts-node\src\index.ts:1433:41)
    at Module.m._compile (D:\wa\Backend-Test-Case\node_modules\ts-node\src\index.ts:1617:30)
    at Module._extensions..js (node:internal/modules/cjs/loader:1548:10)
    at Object.require.extensions.<computed> [as .ts] (D:\wa\Backend-Test-Case\node_modules\ts-node\src\index.ts:1621:12)
    at Module.load (node:internal/modules/cjs/loader:1288:32)
    at Function.Module._load (node:internal/modules/cjs/loader:1104:12)
    at Module.require (node:internal/modules/cjs/loader:1311:19)
 [LOGGER] 2024-09-28 01:05:28.219 AM ERROR : uncaughtException: тип Unable to compile TypeScript:
[96msrc/router/auth-router.ts[0m:[93m1[0m:[93m33[0m - [91merror[0m[90m TS2307: [0mCannot find module '../controller/auth-controller' or its corresponding type declarations.

[7m1[0m import { login, register } from '../controller/auth-controller';
[7m [0m [91m                                ~~~~~~~~~~~~~~~~~~~~~~~~~~~~~~~[0m

TSError: тип Unable to compile TypeScript:
[96msrc/router/auth-router.ts[0m:[93m1[0m:[93m33[0m - [91merror[0m[90m TS2307: [0mCannot find module '../controller/auth-controller' or its corresponding type declarations.

[7m1[0m import { login, register } from '../controller/auth-controller';
[7m [0m [91m                                ~~~~~~~~~~~~~~~~~~~~~~~~~~~~~~~[0m

    at createTSError (D:\wa\Backend-Test-Case\node_modules\ts-node\src\index.ts:859:12)
    at reportTSError (D:\wa\Backend-Test-Case\node_modules\ts-node\src\index.ts:863:19)
    at getOutput (D:\wa\Backend-Test-Case\node_modules\ts-node\src\index.ts:1077:36)
    at Object.compile (D:\wa\Backend-Test-Case\node_modules\ts-node\src\index.ts:1433:41)
    at Module.m._compile (D:\wa\Backend-Test-Case\node_modules\ts-node\src\index.ts:1617:30)
    at Module._extensions..js (node:internal/modules/cjs/loader:1548:10)
    at Object.require.extensions.<computed> [as .ts] (D:\wa\Backend-Test-Case\node_modules\ts-node\src\index.ts:1621:12)
    at Module.load (node:internal/modules/cjs/loader:1288:32)
    at Function.Module._load (node:internal/modules/cjs/loader:1104:12)
    at Module.require (node:internal/modules/cjs/loader:1311:19)
 [LOGGER] 2024-09-28 01:05:40.602 AM ERROR : uncaughtException: тип Unable to compile TypeScript:
[96msrc/router/auth-router.ts[0m:[93m1[0m:[93m33[0m - [91merror[0m[90m TS2307: [0mCannot find module '../controller/auth-controller' or its corresponding type declarations.

[7m1[0m import { login, register } from '../controller/auth-controller';
[7m [0m [91m                                ~~~~~~~~~~~~~~~~~~~~~~~~~~~~~~~[0m

TSError: тип Unable to compile TypeScript:
[96msrc/router/auth-router.ts[0m:[93m1[0m:[93m33[0m - [91merror[0m[90m TS2307: [0mCannot find module '../controller/auth-controller' or its corresponding type declarations.

[7m1[0m import { login, register } from '../controller/auth-controller';
[7m [0m [91m                                ~~~~~~~~~~~~~~~~~~~~~~~~~~~~~~~[0m

    at createTSError (D:\wa\Backend-Test-Case\node_modules\ts-node\src\index.ts:859:12)
    at reportTSError (D:\wa\Backend-Test-Case\node_modules\ts-node\src\index.ts:863:19)
    at getOutput (D:\wa\Backend-Test-Case\node_modules\ts-node\src\index.ts:1077:36)
    at Object.compile (D:\wa\Backend-Test-Case\node_modules\ts-node\src\index.ts:1433:41)
    at Module.m._compile (D:\wa\Backend-Test-Case\node_modules\ts-node\src\index.ts:1617:30)
    at Module._extensions..js (node:internal/modules/cjs/loader:1548:10)
    at Object.require.extensions.<computed> [as .ts] (D:\wa\Backend-Test-Case\node_modules\ts-node\src\index.ts:1621:12)
    at Module.load (node:internal/modules/cjs/loader:1288:32)
    at Function.Module._load (node:internal/modules/cjs/loader:1104:12)
    at Module.require (node:internal/modules/cjs/loader:1311:19)
 [LOGGER] 2024-09-28 01:07:15.733 AM ERROR : uncaughtException: тип Unable to compile TypeScript:
[96msrc/router/auth-router.ts[0m:[93m1[0m:[93m33[0m - [91merror[0m[90m TS2307: [0mCannot find module '../controller/auth-controller' or its corresponding type declarations.

[7m1[0m import { login, register } from '../controller/auth-controller';
[7m [0m [91m                                ~~~~~~~~~~~~~~~~~~~~~~~~~~~~~~~[0m

TSError: тип Unable to compile TypeScript:
[96msrc/router/auth-router.ts[0m:[93m1[0m:[93m33[0m - [91merror[0m[90m TS2307: [0mCannot find module '../controller/auth-controller' or its corresponding type declarations.

[7m1[0m import { login, register } from '../controller/auth-controller';
[7m [0m [91m                                ~~~~~~~~~~~~~~~~~~~~~~~~~~~~~~~[0m

    at createTSError (D:\wa\Backend-Test-Case\node_modules\ts-node\src\index.ts:859:12)
    at reportTSError (D:\wa\Backend-Test-Case\node_modules\ts-node\src\index.ts:863:19)
    at getOutput (D:\wa\Backend-Test-Case\node_modules\ts-node\src\index.ts:1077:36)
    at Object.compile (D:\wa\Backend-Test-Case\node_modules\ts-node\src\index.ts:1433:41)
    at Module.m._compile (D:\wa\Backend-Test-Case\node_modules\ts-node\src\index.ts:1617:30)
    at Module._extensions..js (node:internal/modules/cjs/loader:1548:10)
    at Object.require.extensions.<computed> [as .ts] (D:\wa\Backend-Test-Case\node_modules\ts-node\src\index.ts:1621:12)
    at Module.load (node:internal/modules/cjs/loader:1288:32)
    at Function.Module._load (node:internal/modules/cjs/loader:1104:12)
    at Module.require (node:internal/modules/cjs/loader:1311:19)
 [LOGGER] 2024-09-28 01:07:39.101 AM ERROR : uncaughtException: тип Unable to compile TypeScript:
[96msrc/router/auth-router.ts[0m:[93m1[0m:[93m33[0m - [91merror[0m[90m TS2307: [0mCannot find module '../controller/auth-controller' or its corresponding type declarations.

[7m1[0m import { login, register } from '../controller/auth-controller';
[7m [0m [91m                                ~~~~~~~~~~~~~~~~~~~~~~~~~~~~~~~[0m

TSError: тип Unable to compile TypeScript:
[96msrc/router/auth-router.ts[0m:[93m1[0m:[93m33[0m - [91merror[0m[90m TS2307: [0mCannot find module '../controller/auth-controller' or its corresponding type declarations.

[7m1[0m import { login, register } from '../controller/auth-controller';
[7m [0m [91m                                ~~~~~~~~~~~~~~~~~~~~~~~~~~~~~~~[0m

    at createTSError (D:\wa\Backend-Test-Case\node_modules\ts-node\src\index.ts:859:12)
    at reportTSError (D:\wa\Backend-Test-Case\node_modules\ts-node\src\index.ts:863:19)
    at getOutput (D:\wa\Backend-Test-Case\node_modules\ts-node\src\index.ts:1077:36)
    at Object.compile (D:\wa\Backend-Test-Case\node_modules\ts-node\src\index.ts:1433:41)
    at Module.m._compile (D:\wa\Backend-Test-Case\node_modules\ts-node\src\index.ts:1617:30)
    at Module._extensions..js (node:internal/modules/cjs/loader:1548:10)
    at Object.require.extensions.<computed> [as .ts] (D:\wa\Backend-Test-Case\node_modules\ts-node\src\index.ts:1621:12)
    at Module.load (node:internal/modules/cjs/loader:1288:32)
    at Function.Module._load (node:internal/modules/cjs/loader:1104:12)
    at Module.require (node:internal/modules/cjs/loader:1311:19)
 [LOGGER] 2024-09-28 01:08:30.613 AM ERROR : uncaughtException: тип Unable to compile TypeScript:
[96msrc/router/auth-router.ts[0m:[93m1[0m:[93m33[0m - [91merror[0m[90m TS2307: [0mCannot find module '../controller/auth-controller' or its corresponding type declarations.

[7m1[0m import { login, register } from '../controller/auth-controller';
[7m [0m [91m                                ~~~~~~~~~~~~~~~~~~~~~~~~~~~~~~~[0m

TSError: тип Unable to compile TypeScript:
[96msrc/router/auth-router.ts[0m:[93m1[0m:[93m33[0m - [91merror[0m[90m TS2307: [0mCannot find module '../controller/auth-controller' or its corresponding type declarations.

[7m1[0m import { login, register } from '../controller/auth-controller';
[7m [0m [91m                                ~~~~~~~~~~~~~~~~~~~~~~~~~~~~~~~[0m

    at createTSError (D:\wa\Backend-Test-Case\node_modules\ts-node\src\index.ts:859:12)
    at reportTSError (D:\wa\Backend-Test-Case\node_modules\ts-node\src\index.ts:863:19)
    at getOutput (D:\wa\Backend-Test-Case\node_modules\ts-node\src\index.ts:1077:36)
    at Object.compile (D:\wa\Backend-Test-Case\node_modules\ts-node\src\index.ts:1433:41)
    at Module.m._compile (D:\wa\Backend-Test-Case\node_modules\ts-node\src\index.ts:1617:30)
    at Module._extensions..js (node:internal/modules/cjs/loader:1548:10)
    at Object.require.extensions.<computed> [as .ts] (D:\wa\Backend-Test-Case\node_modules\ts-node\src\index.ts:1621:12)
    at Module.load (node:internal/modules/cjs/loader:1288:32)
    at Function.Module._load (node:internal/modules/cjs/loader:1104:12)
    at Module.require (node:internal/modules/cjs/loader:1311:19)
 [LOGGER] 2024-09-28 01:09:18.123 AM ERROR : uncaughtException: тип Unable to compile TypeScript:
[96msrc/router/auth-router.ts[0m:[93m1[0m:[93m33[0m - [91merror[0m[90m TS2307: [0mCannot find module '../controller/auth-controller' or its corresponding type declarations.

[7m1[0m import { login, register } from '../controller/auth-controller';
[7m [0m [91m                                ~~~~~~~~~~~~~~~~~~~~~~~~~~~~~~~[0m

TSError: тип Unable to compile TypeScript:
[96msrc/router/auth-router.ts[0m:[93m1[0m:[93m33[0m - [91merror[0m[90m TS2307: [0mCannot find module '../controller/auth-controller' or its corresponding type declarations.

[7m1[0m import { login, register } from '../controller/auth-controller';
[7m [0m [91m                                ~~~~~~~~~~~~~~~~~~~~~~~~~~~~~~~[0m

    at createTSError (D:\wa\Backend-Test-Case\node_modules\ts-node\src\index.ts:859:12)
    at reportTSError (D:\wa\Backend-Test-Case\node_modules\ts-node\src\index.ts:863:19)
    at getOutput (D:\wa\Backend-Test-Case\node_modules\ts-node\src\index.ts:1077:36)
    at Object.compile (D:\wa\Backend-Test-Case\node_modules\ts-node\src\index.ts:1433:41)
    at Module.m._compile (D:\wa\Backend-Test-Case\node_modules\ts-node\src\index.ts:1617:30)
    at Module._extensions..js (node:internal/modules/cjs/loader:1548:10)
    at Object.require.extensions.<computed> [as .ts] (D:\wa\Backend-Test-Case\node_modules\ts-node\src\index.ts:1621:12)
    at Module.load (node:internal/modules/cjs/loader:1288:32)
    at Function.Module._load (node:internal/modules/cjs/loader:1104:12)
    at Module.require (node:internal/modules/cjs/loader:1311:19)
 [LOGGER] 2024-09-28 01:11:25.509 AM ERROR : uncaughtException: тип Unable to compile TypeScript:
[96msrc/router/auth-router.ts[0m:[93m1[0m:[93m33[0m - [91merror[0m[90m TS2307: [0mCannot find module '../controller/auth-controller' or its corresponding type declarations.

[7m1[0m import { login, register } from '../controller/auth-controller';
[7m [0m [91m                                ~~~~~~~~~~~~~~~~~~~~~~~~~~~~~~~[0m

TSError: тип Unable to compile TypeScript:
[96msrc/router/auth-router.ts[0m:[93m1[0m:[93m33[0m - [91merror[0m[90m TS2307: [0mCannot find module '../controller/auth-controller' or its corresponding type declarations.

[7m1[0m import { login, register } from '../controller/auth-controller';
[7m [0m [91m                                ~~~~~~~~~~~~~~~~~~~~~~~~~~~~~~~[0m

    at createTSError (D:\wa\Backend-Test-Case\node_modules\ts-node\src\index.ts:859:12)
    at reportTSError (D:\wa\Backend-Test-Case\node_modules\ts-node\src\index.ts:863:19)
    at getOutput (D:\wa\Backend-Test-Case\node_modules\ts-node\src\index.ts:1077:36)
    at Object.compile (D:\wa\Backend-Test-Case\node_modules\ts-node\src\index.ts:1433:41)
    at Module.m._compile (D:\wa\Backend-Test-Case\node_modules\ts-node\src\index.ts:1617:30)
    at Module._extensions..js (node:internal/modules/cjs/loader:1548:10)
    at Object.require.extensions.<computed> [as .ts] (D:\wa\Backend-Test-Case\node_modules\ts-node\src\index.ts:1621:12)
    at Module.load (node:internal/modules/cjs/loader:1288:32)
    at Function.Module._load (node:internal/modules/cjs/loader:1104:12)
    at Module.require (node:internal/modules/cjs/loader:1311:19)
 [LOGGER] 2024-09-28 01:12:26.945 AM ERROR : uncaughtException: тип Unable to compile TypeScript:
[96msrc/router/auth-router.ts[0m:[93m1[0m:[93m33[0m - [91merror[0m[90m TS2307: [0mCannot find module '../controller/auth-controller' or its corresponding type declarations.

[7m1[0m import { login, register } from '../controller/auth-controller';
[7m [0m [91m                                ~~~~~~~~~~~~~~~~~~~~~~~~~~~~~~~[0m

TSError: тип Unable to compile TypeScript:
[96msrc/router/auth-router.ts[0m:[93m1[0m:[93m33[0m - [91merror[0m[90m TS2307: [0mCannot find module '../controller/auth-controller' or its corresponding type declarations.

[7m1[0m import { login, register } from '../controller/auth-controller';
[7m [0m [91m                                ~~~~~~~~~~~~~~~~~~~~~~~~~~~~~~~[0m

    at createTSError (D:\wa\Backend-Test-Case\node_modules\ts-node\src\index.ts:859:12)
    at reportTSError (D:\wa\Backend-Test-Case\node_modules\ts-node\src\index.ts:863:19)
    at getOutput (D:\wa\Backend-Test-Case\node_modules\ts-node\src\index.ts:1077:36)
    at Object.compile (D:\wa\Backend-Test-Case\node_modules\ts-node\src\index.ts:1433:41)
    at Module.m._compile (D:\wa\Backend-Test-Case\node_modules\ts-node\src\index.ts:1617:30)
    at Module._extensions..js (node:internal/modules/cjs/loader:1548:10)
    at Object.require.extensions.<computed> [as .ts] (D:\wa\Backend-Test-Case\node_modules\ts-node\src\index.ts:1621:12)
    at Module.load (node:internal/modules/cjs/loader:1288:32)
    at Function.Module._load (node:internal/modules/cjs/loader:1104:12)
    at Module.require (node:internal/modules/cjs/loader:1311:19)
 [LOGGER] 2024-09-28 01:12:36.141 AM ERROR : uncaughtException: тип Unable to compile TypeScript:
[96msrc/router/auth-router.ts[0m:[93m1[0m:[93m33[0m - [91merror[0m[90m TS2307: [0mCannot find module '../controller/auth-controller' or its corresponding type declarations.

[7m1[0m import { login, register } from '../controller/auth-controller';
[7m [0m [91m                                ~~~~~~~~~~~~~~~~~~~~~~~~~~~~~~~[0m

TSError: тип Unable to compile TypeScript:
[96msrc/router/auth-router.ts[0m:[93m1[0m:[93m33[0m - [91merror[0m[90m TS2307: [0mCannot find module '../controller/auth-controller' or its corresponding type declarations.

[7m1[0m import { login, register } from '../controller/auth-controller';
[7m [0m [91m                                ~~~~~~~~~~~~~~~~~~~~~~~~~~~~~~~[0m

    at createTSError (D:\wa\Backend-Test-Case\node_modules\ts-node\src\index.ts:859:12)
    at reportTSError (D:\wa\Backend-Test-Case\node_modules\ts-node\src\index.ts:863:19)
    at getOutput (D:\wa\Backend-Test-Case\node_modules\ts-node\src\index.ts:1077:36)
    at Object.compile (D:\wa\Backend-Test-Case\node_modules\ts-node\src\index.ts:1433:41)
    at Module.m._compile (D:\wa\Backend-Test-Case\node_modules\ts-node\src\index.ts:1617:30)
    at Module._extensions..js (node:internal/modules/cjs/loader:1548:10)
    at Object.require.extensions.<computed> [as .ts] (D:\wa\Backend-Test-Case\node_modules\ts-node\src\index.ts:1621:12)
    at Module.load (node:internal/modules/cjs/loader:1288:32)
    at Function.Module._load (node:internal/modules/cjs/loader:1104:12)
    at Module.require (node:internal/modules/cjs/loader:1311:19)
 [LOGGER] 2024-09-28 01:13:05.327 AM ERROR : uncaughtException: тип Unable to compile TypeScript:
[96msrc/router/auth-router.ts[0m:[93m1[0m:[93m33[0m - [91merror[0m[90m TS2307: [0mCannot find module '../controller/auth-controller' or its corresponding type declarations.

[7m1[0m import { login, register } from '../controller/auth-controller';
[7m [0m [91m                                ~~~~~~~~~~~~~~~~~~~~~~~~~~~~~~~[0m

TSError: тип Unable to compile TypeScript:
[96msrc/router/auth-router.ts[0m:[93m1[0m:[93m33[0m - [91merror[0m[90m TS2307: [0mCannot find module '../controller/auth-controller' or its corresponding type declarations.

[7m1[0m import { login, register } from '../controller/auth-controller';
[7m [0m [91m                                ~~~~~~~~~~~~~~~~~~~~~~~~~~~~~~~[0m

    at createTSError (D:\wa\Backend-Test-Case\node_modules\ts-node\src\index.ts:859:12)
    at reportTSError (D:\wa\Backend-Test-Case\node_modules\ts-node\src\index.ts:863:19)
    at getOutput (D:\wa\Backend-Test-Case\node_modules\ts-node\src\index.ts:1077:36)
    at Object.compile (D:\wa\Backend-Test-Case\node_modules\ts-node\src\index.ts:1433:41)
    at Module.m._compile (D:\wa\Backend-Test-Case\node_modules\ts-node\src\index.ts:1617:30)
    at Module._extensions..js (node:internal/modules/cjs/loader:1548:10)
    at Object.require.extensions.<computed> [as .ts] (D:\wa\Backend-Test-Case\node_modules\ts-node\src\index.ts:1621:12)
    at Module.load (node:internal/modules/cjs/loader:1288:32)
    at Function.Module._load (node:internal/modules/cjs/loader:1104:12)
    at Module.require (node:internal/modules/cjs/loader:1311:19)
 [LOGGER] 2024-09-28 01:13:17.999 AM ERROR : uncaughtException: тип Unable to compile TypeScript:
[96msrc/router/auth-router.ts[0m:[93m1[0m:[93m33[0m - [91merror[0m[90m TS2307: [0mCannot find module '../controller/auth-controller' or its corresponding type declarations.

[7m1[0m import { login, register } from '../controller/auth-controller';
[7m [0m [91m                                ~~~~~~~~~~~~~~~~~~~~~~~~~~~~~~~[0m

TSError: тип Unable to compile TypeScript:
[96msrc/router/auth-router.ts[0m:[93m1[0m:[93m33[0m - [91merror[0m[90m TS2307: [0mCannot find module '../controller/auth-controller' or its corresponding type declarations.

[7m1[0m import { login, register } from '../controller/auth-controller';
[7m [0m [91m                                ~~~~~~~~~~~~~~~~~~~~~~~~~~~~~~~[0m

    at createTSError (D:\wa\Backend-Test-Case\node_modules\ts-node\src\index.ts:859:12)
    at reportTSError (D:\wa\Backend-Test-Case\node_modules\ts-node\src\index.ts:863:19)
    at getOutput (D:\wa\Backend-Test-Case\node_modules\ts-node\src\index.ts:1077:36)
    at Object.compile (D:\wa\Backend-Test-Case\node_modules\ts-node\src\index.ts:1433:41)
    at Module.m._compile (D:\wa\Backend-Test-Case\node_modules\ts-node\src\index.ts:1617:30)
    at Module._extensions..js (node:internal/modules/cjs/loader:1548:10)
    at Object.require.extensions.<computed> [as .ts] (D:\wa\Backend-Test-Case\node_modules\ts-node\src\index.ts:1621:12)
    at Module.load (node:internal/modules/cjs/loader:1288:32)
    at Function.Module._load (node:internal/modules/cjs/loader:1104:12)
    at Module.require (node:internal/modules/cjs/loader:1311:19)
 [LOGGER] 2024-09-28 01:14:15.439 AM ERROR : uncaughtException: тип Unable to compile TypeScript:
[96msrc/router/auth-router.ts[0m:[93m1[0m:[93m33[0m - [91merror[0m[90m TS2307: [0mCannot find module '../controller/auth-controller' or its corresponding type declarations.

[7m1[0m import { login, register } from '../controller/auth-controller';
[7m [0m [91m                                ~~~~~~~~~~~~~~~~~~~~~~~~~~~~~~~[0m

TSError: тип Unable to compile TypeScript:
[96msrc/router/auth-router.ts[0m:[93m1[0m:[93m33[0m - [91merror[0m[90m TS2307: [0mCannot find module '../controller/auth-controller' or its corresponding type declarations.

[7m1[0m import { login, register } from '../controller/auth-controller';
[7m [0m [91m                                ~~~~~~~~~~~~~~~~~~~~~~~~~~~~~~~[0m

    at createTSError (D:\wa\Backend-Test-Case\node_modules\ts-node\src\index.ts:859:12)
    at reportTSError (D:\wa\Backend-Test-Case\node_modules\ts-node\src\index.ts:863:19)
    at getOutput (D:\wa\Backend-Test-Case\node_modules\ts-node\src\index.ts:1077:36)
    at Object.compile (D:\wa\Backend-Test-Case\node_modules\ts-node\src\index.ts:1433:41)
    at Module.m._compile (D:\wa\Backend-Test-Case\node_modules\ts-node\src\index.ts:1617:30)
    at Module._extensions..js (node:internal/modules/cjs/loader:1548:10)
    at Object.require.extensions.<computed> [as .ts] (D:\wa\Backend-Test-Case\node_modules\ts-node\src\index.ts:1621:12)
    at Module.load (node:internal/modules/cjs/loader:1288:32)
    at Function.Module._load (node:internal/modules/cjs/loader:1104:12)
    at Module.require (node:internal/modules/cjs/loader:1311:19)
 [LOGGER] 2024-09-28 01:16:24.177 AM ERROR : uncaughtException: тип Unable to compile TypeScript:
[96msrc/router/auth-router.ts[0m:[93m1[0m:[93m33[0m - [91merror[0m[90m TS2307: [0mCannot find module '../controller/auth-controller' or its corresponding type declarations.

[7m1[0m import { login, register } from '../controller/auth-controller';
[7m [0m [91m                                ~~~~~~~~~~~~~~~~~~~~~~~~~~~~~~~[0m

TSError: тип Unable to compile TypeScript:
[96msrc/router/auth-router.ts[0m:[93m1[0m:[93m33[0m - [91merror[0m[90m TS2307: [0mCannot find module '../controller/auth-controller' or its corresponding type declarations.

[7m1[0m import { login, register } from '../controller/auth-controller';
[7m [0m [91m                                ~~~~~~~~~~~~~~~~~~~~~~~~~~~~~~~[0m

    at createTSError (D:\wa\Backend-Test-Case\node_modules\ts-node\src\index.ts:859:12)
    at reportTSError (D:\wa\Backend-Test-Case\node_modules\ts-node\src\index.ts:863:19)
    at getOutput (D:\wa\Backend-Test-Case\node_modules\ts-node\src\index.ts:1077:36)
    at Object.compile (D:\wa\Backend-Test-Case\node_modules\ts-node\src\index.ts:1433:41)
    at Module.m._compile (D:\wa\Backend-Test-Case\node_modules\ts-node\src\index.ts:1617:30)
    at Module._extensions..js (node:internal/modules/cjs/loader:1548:10)
    at Object.require.extensions.<computed> [as .ts] (D:\wa\Backend-Test-Case\node_modules\ts-node\src\index.ts:1621:12)
    at Module.load (node:internal/modules/cjs/loader:1288:32)
    at Function.Module._load (node:internal/modules/cjs/loader:1104:12)
    at Module.require (node:internal/modules/cjs/loader:1311:19)
 [LOGGER] 2024-09-28 01:17:01.552 AM ERROR : uncaughtException: тип Unable to compile TypeScript:
[96msrc/router/auth-router.ts[0m:[93m1[0m:[93m33[0m - [91merror[0m[90m TS2307: [0mCannot find module '../controller/auth-controller' or its corresponding type declarations.

[7m1[0m import { login, register } from '../controller/auth-controller';
[7m [0m [91m                                ~~~~~~~~~~~~~~~~~~~~~~~~~~~~~~~[0m

TSError: тип Unable to compile TypeScript:
[96msrc/router/auth-router.ts[0m:[93m1[0m:[93m33[0m - [91merror[0m[90m TS2307: [0mCannot find module '../controller/auth-controller' or its corresponding type declarations.

[7m1[0m import { login, register } from '../controller/auth-controller';
[7m [0m [91m                                ~~~~~~~~~~~~~~~~~~~~~~~~~~~~~~~[0m

    at createTSError (D:\wa\Backend-Test-Case\node_modules\ts-node\src\index.ts:859:12)
    at reportTSError (D:\wa\Backend-Test-Case\node_modules\ts-node\src\index.ts:863:19)
    at getOutput (D:\wa\Backend-Test-Case\node_modules\ts-node\src\index.ts:1077:36)
    at Object.compile (D:\wa\Backend-Test-Case\node_modules\ts-node\src\index.ts:1433:41)
    at Module.m._compile (D:\wa\Backend-Test-Case\node_modules\ts-node\src\index.ts:1617:30)
    at Module._extensions..js (node:internal/modules/cjs/loader:1548:10)
    at Object.require.extensions.<computed> [as .ts] (D:\wa\Backend-Test-Case\node_modules\ts-node\src\index.ts:1621:12)
    at Module.load (node:internal/modules/cjs/loader:1288:32)
    at Function.Module._load (node:internal/modules/cjs/loader:1104:12)
    at Module.require (node:internal/modules/cjs/loader:1311:19)
 [LOGGER] 2024-09-28 01:17:08.326 AM ERROR : uncaughtException: тип Unable to compile TypeScript:
[96msrc/router/auth-router.ts[0m:[93m1[0m:[93m33[0m - [91merror[0m[90m TS2307: [0mCannot find module '../controller/auth-controller' or its corresponding type declarations.

[7m1[0m import { login, register } from '../controller/auth-controller';
[7m [0m [91m                                ~~~~~~~~~~~~~~~~~~~~~~~~~~~~~~~[0m

TSError: тип Unable to compile TypeScript:
[96msrc/router/auth-router.ts[0m:[93m1[0m:[93m33[0m - [91merror[0m[90m TS2307: [0mCannot find module '../controller/auth-controller' or its corresponding type declarations.

[7m1[0m import { login, register } from '../controller/auth-controller';
[7m [0m [91m                                ~~~~~~~~~~~~~~~~~~~~~~~~~~~~~~~[0m

    at createTSError (D:\wa\Backend-Test-Case\node_modules\ts-node\src\index.ts:859:12)
    at reportTSError (D:\wa\Backend-Test-Case\node_modules\ts-node\src\index.ts:863:19)
    at getOutput (D:\wa\Backend-Test-Case\node_modules\ts-node\src\index.ts:1077:36)
    at Object.compile (D:\wa\Backend-Test-Case\node_modules\ts-node\src\index.ts:1433:41)
    at Module.m._compile (D:\wa\Backend-Test-Case\node_modules\ts-node\src\index.ts:1617:30)
    at Module._extensions..js (node:internal/modules/cjs/loader:1548:10)
    at Object.require.extensions.<computed> [as .ts] (D:\wa\Backend-Test-Case\node_modules\ts-node\src\index.ts:1621:12)
    at Module.load (node:internal/modules/cjs/loader:1288:32)
    at Function.Module._load (node:internal/modules/cjs/loader:1104:12)
    at Module.require (node:internal/modules/cjs/loader:1311:19)
 [LOGGER] 2024-09-28 01:17:22.651 AM ERROR : uncaughtException: тип Unable to compile TypeScript:
[96msrc/router/index.ts[0m:[93m2[0m:[93m18[0m - [91merror[0m[90m TS2307: [0mCannot find module './auth-router' or its corresponding type declarations.

[7m2[0m import Auth from './auth-router';
[7m [0m [91m                 ~~~~~~~~~~~~~~~[0m

TSError: тип Unable to compile TypeScript:
[96msrc/router/index.ts[0m:[93m2[0m:[93m18[0m - [91merror[0m[90m TS2307: [0mCannot find module './auth-router' or its corresponding type declarations.

[7m2[0m import Auth from './auth-router';
[7m [0m [91m                 ~~~~~~~~~~~~~~~[0m

    at createTSError (D:\wa\Backend-Test-Case\node_modules\ts-node\src\index.ts:859:12)
    at reportTSError (D:\wa\Backend-Test-Case\node_modules\ts-node\src\index.ts:863:19)
    at getOutput (D:\wa\Backend-Test-Case\node_modules\ts-node\src\index.ts:1077:36)
    at Object.compile (D:\wa\Backend-Test-Case\node_modules\ts-node\src\index.ts:1433:41)
    at Module.m._compile (D:\wa\Backend-Test-Case\node_modules\ts-node\src\index.ts:1617:30)
    at Module._extensions..js (node:internal/modules/cjs/loader:1548:10)
    at Object.require.extensions.<computed> [as .ts] (D:\wa\Backend-Test-Case\node_modules\ts-node\src\index.ts:1621:12)
    at Module.load (node:internal/modules/cjs/loader:1288:32)
    at Function.Module._load (node:internal/modules/cjs/loader:1104:12)
    at Module.require (node:internal/modules/cjs/loader:1311:19)
 [LOGGER] 2024-09-28 01:18:05.169 AM ERROR : uncaughtException: тип Unable to compile TypeScript:
[96msrc/controller/member-contoller.ts[0m:[93m58[0m:[93m65[0m - [91merror[0m[90m TS2339: [0mProperty 'borrowedAt' does not exist on type 'string'.

[7m58[0m     const borrowDate = new Date(member.borrowedBooks[bookIndex].borrowedAt);
[7m  [0m [91m                                                                ~~~~~~~~~~[0m

TSError: тип Unable to compile TypeScript:
[96msrc/controller/member-contoller.ts[0m:[93m58[0m:[93m65[0m - [91merror[0m[90m TS2339: [0mProperty 'borrowedAt' does not exist on type 'string'.

[7m58[0m     const borrowDate = new Date(member.borrowedBooks[bookIndex].borrowedAt);
[7m  [0m [91m                                                                ~~~~~~~~~~[0m

    at createTSError (D:\wa\Backend-Test-Case\node_modules\ts-node\src\index.ts:859:12)
    at reportTSError (D:\wa\Backend-Test-Case\node_modules\ts-node\src\index.ts:863:19)
    at getOutput (D:\wa\Backend-Test-Case\node_modules\ts-node\src\index.ts:1077:36)
    at Object.compile (D:\wa\Backend-Test-Case\node_modules\ts-node\src\index.ts:1433:41)
    at Module.m._compile (D:\wa\Backend-Test-Case\node_modules\ts-node\src\index.ts:1617:30)
    at Module._extensions..js (node:internal/modules/cjs/loader:1548:10)
    at Object.require.extensions.<computed> [as .ts] (D:\wa\Backend-Test-Case\node_modules\ts-node\src\index.ts:1621:12)
    at Module.load (node:internal/modules/cjs/loader:1288:32)
    at Function.Module._load (node:internal/modules/cjs/loader:1104:12)
    at Module.require (node:internal/modules/cjs/loader:1311:19)
 [LOGGER] 2024-09-28 01:20:59.077 AM ERROR : uncaughtException: тип Unable to compile TypeScript:
[96msrc/controller/member-contoller.ts[0m:[93m29[0m:[93m31[0m - [91merror[0m[90m TS2345: [0mArgument of type 'string' is not assignable to parameter of type 'IBorrowedBook'.

[7m29[0m     member.borrowedBooks.push(book.code);
[7m  [0m [91m                              ~~~~~~~~~[0m

TSError: тип Unable to compile TypeScript:
[96msrc/controller/member-contoller.ts[0m:[93m29[0m:[93m31[0m - [91merror[0m[90m TS2345: [0mArgument of type 'string' is not assignable to parameter of type 'IBorrowedBook'.

[7m29[0m     member.borrowedBooks.push(book.code);
[7m  [0m [91m                              ~~~~~~~~~[0m

    at createTSError (D:\wa\Backend-Test-Case\node_modules\ts-node\src\index.ts:859:12)
    at reportTSError (D:\wa\Backend-Test-Case\node_modules\ts-node\src\index.ts:863:19)
    at getOutput (D:\wa\Backend-Test-Case\node_modules\ts-node\src\index.ts:1077:36)
    at Object.compile (D:\wa\Backend-Test-Case\node_modules\ts-node\src\index.ts:1433:41)
    at Module.m._compile (D:\wa\Backend-Test-Case\node_modules\ts-node\src\index.ts:1617:30)
    at Module._extensions..js (node:internal/modules/cjs/loader:1548:10)
    at Object.require.extensions.<computed> [as .ts] (D:\wa\Backend-Test-Case\node_modules\ts-node\src\index.ts:1621:12)
    at Module.load (node:internal/modules/cjs/loader:1288:32)
    at Function.Module._load (node:internal/modules/cjs/loader:1104:12)
    at Module.require (node:internal/modules/cjs/loader:1311:19)
 [LOGGER] 2024-09-28 01:22:07.145 AM ERROR : uncaughtException: тип Unable to compile TypeScript:
[96msrc/router/member-router.ts[0m:[93m6[0m:[93m24[0m - [91merror[0m[90m TS2769: [0mNo overload matches this call.
  The last overload gave the following error.
    Argument of type '(req: Request, res: Response) => Promise<Response<any, Record<string, any>>>' is not assignable to parameter of type 'Application<Record<string, any>>'.
      Type '(req: Request<ParamsDictionary, any, any, ParsedQs, Record<string, any>>, res: Response<any, Record<string, any>>) => Promise<...>' is missing the following properties from type 'Application<Record<string, any>>': init, defaultConfiguration, engine, set, and 63 more.

[7m6[0m router.post('/borrow', borrowBook);
[7m [0m [91m                       ~~~~~~~~~~[0m

  [96mnode_modules/@types/express-serve-static-core/index.d.ts[0m:[93m164[0m:[93m5[0m
    [7m164[0m     (path: PathParams, subApplication: Application): T;
    [7m   [0m [96m    ~~~~~~~~~~~~~~~~~~~~~~~~~~~~~~~~~~~~~~~~~~~~~~~~~~~[0m
    The last overload is declared here.

TSError: тип Unable to compile TypeScript:
[96msrc/router/member-router.ts[0m:[93m6[0m:[93m24[0m - [91merror[0m[90m TS2769: [0mNo overload matches this call.
  The last overload gave the following error.
    Argument of type '(req: Request, res: Response) => Promise<Response<any, Record<string, any>>>' is not assignable to parameter of type 'Application<Record<string, any>>'.
      Type '(req: Request<ParamsDictionary, any, any, ParsedQs, Record<string, any>>, res: Response<any, Record<string, any>>) => Promise<...>' is missing the following properties from type 'Application<Record<string, any>>': init, defaultConfiguration, engine, set, and 63 more.

[7m6[0m router.post('/borrow', borrowBook);
[7m [0m [91m                       ~~~~~~~~~~[0m

  [96mnode_modules/@types/express-serve-static-core/index.d.ts[0m:[93m164[0m:[93m5[0m
    [7m164[0m     (path: PathParams, subApplication: Application): T;
    [7m   [0m [96m    ~~~~~~~~~~~~~~~~~~~~~~~~~~~~~~~~~~~~~~~~~~~~~~~~~~~[0m
    The last overload is declared here.

    at createTSError (D:\wa\Backend-Test-Case\node_modules\ts-node\src\index.ts:859:12)
    at reportTSError (D:\wa\Backend-Test-Case\node_modules\ts-node\src\index.ts:863:19)
    at getOutput (D:\wa\Backend-Test-Case\node_modules\ts-node\src\index.ts:1077:36)
    at Object.compile (D:\wa\Backend-Test-Case\node_modules\ts-node\src\index.ts:1433:41)
    at Module.m._compile (D:\wa\Backend-Test-Case\node_modules\ts-node\src\index.ts:1617:30)
    at Module._extensions..js (node:internal/modules/cjs/loader:1548:10)
    at Object.require.extensions.<computed> [as .ts] (D:\wa\Backend-Test-Case\node_modules\ts-node\src\index.ts:1621:12)
    at Module.load (node:internal/modules/cjs/loader:1288:32)
    at Function.Module._load (node:internal/modules/cjs/loader:1104:12)
    at Module.require (node:internal/modules/cjs/loader:1311:19)
 [LOGGER] 2024-09-28 01:22:29.594 AM ERROR : uncaughtException: тип Unable to compile TypeScript:
[96msrc/router/member-router.ts[0m:[93m6[0m:[93m24[0m - [91merror[0m[90m TS2769: [0mNo overload matches this call.
  The last overload gave the following error.
    Argument of type '(req: Request, res: Response, next: NextFunction) => Promise<Response<any, Record<string, any>>>' is not assignable to parameter of type 'Application<Record<string, any>>'.
      Type '(req: Request<ParamsDictionary, any, any, ParsedQs, Record<string, any>>, res: Response<any, Record<string, any>>, next: NextFunction) => Promise<...>' is missing the following properties from type 'Application<Record<string, any>>': init, defaultConfiguration, engine, set, and 63 more.

[7m6[0m router.post('/borrow', borrowBook);
[7m [0m [91m                       ~~~~~~~~~~[0m

  [96mnode_modules/@types/express-serve-static-core/index.d.ts[0m:[93m164[0m:[93m5[0m
    [7m164[0m     (path: PathParams, subApplication: Application): T;
    [7m   [0m [96m    ~~~~~~~~~~~~~~~~~~~~~~~~~~~~~~~~~~~~~~~~~~~~~~~~~~~[0m
    The last overload is declared here.

TSError: тип Unable to compile TypeScript:
[96msrc/router/member-router.ts[0m:[93m6[0m:[93m24[0m - [91merror[0m[90m TS2769: [0mNo overload matches this call.
  The last overload gave the following error.
    Argument of type '(req: Request, res: Response, next: NextFunction) => Promise<Response<any, Record<string, any>>>' is not assignable to parameter of type 'Application<Record<string, any>>'.
      Type '(req: Request<ParamsDictionary, any, any, ParsedQs, Record<string, any>>, res: Response<any, Record<string, any>>, next: NextFunction) => Promise<...>' is missing the following properties from type 'Application<Record<string, any>>': init, defaultConfiguration, engine, set, and 63 more.

[7m6[0m router.post('/borrow', borrowBook);
[7m [0m [91m                       ~~~~~~~~~~[0m

  [96mnode_modules/@types/express-serve-static-core/index.d.ts[0m:[93m164[0m:[93m5[0m
    [7m164[0m     (path: PathParams, subApplication: Application): T;
    [7m   [0m [96m    ~~~~~~~~~~~~~~~~~~~~~~~~~~~~~~~~~~~~~~~~~~~~~~~~~~~[0m
    The last overload is declared here.

    at createTSError (D:\wa\Backend-Test-Case\node_modules\ts-node\src\index.ts:859:12)
    at reportTSError (D:\wa\Backend-Test-Case\node_modules\ts-node\src\index.ts:863:19)
    at getOutput (D:\wa\Backend-Test-Case\node_modules\ts-node\src\index.ts:1077:36)
    at Object.compile (D:\wa\Backend-Test-Case\node_modules\ts-node\src\index.ts:1433:41)
    at Module.m._compile (D:\wa\Backend-Test-Case\node_modules\ts-node\src\index.ts:1617:30)
    at Module._extensions..js (node:internal/modules/cjs/loader:1548:10)
    at Object.require.extensions.<computed> [as .ts] (D:\wa\Backend-Test-Case\node_modules\ts-node\src\index.ts:1621:12)
    at Module.load (node:internal/modules/cjs/loader:1288:32)
    at Function.Module._load (node:internal/modules/cjs/loader:1104:12)
    at Module.require (node:internal/modules/cjs/loader:1311:19)
 [LOGGER] 2024-09-28 01:22:52.859 AM ERROR : uncaughtException: тип Unable to compile TypeScript:
[96msrc/router/member-router.ts[0m:[93m6[0m:[93m24[0m - [91merror[0m[90m TS2769: [0mNo overload matches this call.
  The last overload gave the following error.
    Argument of type '(req: Request, res: Response, next: NextFunction) => Promise<Response<any, Record<string, any>>>' is not assignable to parameter of type 'Application<Record<string, any>>'.
      Type '(req: Request<ParamsDictionary, any, any, ParsedQs, Record<string, any>>, res: Response<any, Record<string, any>>, next: NextFunction) => Promise<...>' is missing the following properties from type 'Application<Record<string, any>>': init, defaultConfiguration, engine, set, and 63 more.

[7m6[0m router.post('/borrow', borrowBook);
[7m [0m [91m                       ~~~~~~~~~~[0m

  [96mnode_modules/@types/express-serve-static-core/index.d.ts[0m:[93m164[0m:[93m5[0m
    [7m164[0m     (path: PathParams, subApplication: Application): T;
    [7m   [0m [96m    ~~~~~~~~~~~~~~~~~~~~~~~~~~~~~~~~~~~~~~~~~~~~~~~~~~~[0m
    The last overload is declared here.

TSError: тип Unable to compile TypeScript:
[96msrc/router/member-router.ts[0m:[93m6[0m:[93m24[0m - [91merror[0m[90m TS2769: [0mNo overload matches this call.
  The last overload gave the following error.
    Argument of type '(req: Request, res: Response, next: NextFunction) => Promise<Response<any, Record<string, any>>>' is not assignable to parameter of type 'Application<Record<string, any>>'.
      Type '(req: Request<ParamsDictionary, any, any, ParsedQs, Record<string, any>>, res: Response<any, Record<string, any>>, next: NextFunction) => Promise<...>' is missing the following properties from type 'Application<Record<string, any>>': init, defaultConfiguration, engine, set, and 63 more.

[7m6[0m router.post('/borrow', borrowBook);
[7m [0m [91m                       ~~~~~~~~~~[0m

  [96mnode_modules/@types/express-serve-static-core/index.d.ts[0m:[93m164[0m:[93m5[0m
    [7m164[0m     (path: PathParams, subApplication: Application): T;
    [7m   [0m [96m    ~~~~~~~~~~~~~~~~~~~~~~~~~~~~~~~~~~~~~~~~~~~~~~~~~~~[0m
    The last overload is declared here.

    at createTSError (D:\wa\Backend-Test-Case\node_modules\ts-node\src\index.ts:859:12)
    at reportTSError (D:\wa\Backend-Test-Case\node_modules\ts-node\src\index.ts:863:19)
    at getOutput (D:\wa\Backend-Test-Case\node_modules\ts-node\src\index.ts:1077:36)
    at Object.compile (D:\wa\Backend-Test-Case\node_modules\ts-node\src\index.ts:1433:41)
    at Module.m._compile (D:\wa\Backend-Test-Case\node_modules\ts-node\src\index.ts:1617:30)
    at Module._extensions..js (node:internal/modules/cjs/loader:1548:10)
    at Object.require.extensions.<computed> [as .ts] (D:\wa\Backend-Test-Case\node_modules\ts-node\src\index.ts:1621:12)
    at Module.load (node:internal/modules/cjs/loader:1288:32)
    at Function.Module._load (node:internal/modules/cjs/loader:1104:12)
    at Module.require (node:internal/modules/cjs/loader:1311:19)
 [LOGGER] 2024-09-28 01:23:04.844 AM ERROR : uncaughtException: тип Unable to compile TypeScript:
[96msrc/router/member-router.ts[0m:[93m6[0m:[93m24[0m - [91merror[0m[90m TS2769: [0mNo overload matches this call.
  The last overload gave the following error.
    Argument of type '(req: Request, res: Response, next: NextFunction) => Promise<Response<any, Record<string, any>> | undefined>' is not assignable to parameter of type 'Application<Record<string, any>>'.
      Type '(req: Request<ParamsDictionary, any, any, ParsedQs, Record<string, any>>, res: Response<any, Record<string, any>>, next: NextFunction) => Promise<...>' is missing the following properties from type 'Application<Record<string, any>>': init, defaultConfiguration, engine, set, and 63 more.

[7m6[0m router.post('/borrow', borrowBook);
[7m [0m [91m                       ~~~~~~~~~~[0m

  [96mnode_modules/@types/express-serve-static-core/index.d.ts[0m:[93m164[0m:[93m5[0m
    [7m164[0m     (path: PathParams, subApplication: Application): T;
    [7m   [0m [96m    ~~~~~~~~~~~~~~~~~~~~~~~~~~~~~~~~~~~~~~~~~~~~~~~~~~~[0m
    The last overload is declared here.

TSError: тип Unable to compile TypeScript:
[96msrc/router/member-router.ts[0m:[93m6[0m:[93m24[0m - [91merror[0m[90m TS2769: [0mNo overload matches this call.
  The last overload gave the following error.
    Argument of type '(req: Request, res: Response, next: NextFunction) => Promise<Response<any, Record<string, any>> | undefined>' is not assignable to parameter of type 'Application<Record<string, any>>'.
      Type '(req: Request<ParamsDictionary, any, any, ParsedQs, Record<string, any>>, res: Response<any, Record<string, any>>, next: NextFunction) => Promise<...>' is missing the following properties from type 'Application<Record<string, any>>': init, defaultConfiguration, engine, set, and 63 more.

[7m6[0m router.post('/borrow', borrowBook);
[7m [0m [91m                       ~~~~~~~~~~[0m

  [96mnode_modules/@types/express-serve-static-core/index.d.ts[0m:[93m164[0m:[93m5[0m
    [7m164[0m     (path: PathParams, subApplication: Application): T;
    [7m   [0m [96m    ~~~~~~~~~~~~~~~~~~~~~~~~~~~~~~~~~~~~~~~~~~~~~~~~~~~[0m
    The last overload is declared here.

    at createTSError (D:\wa\Backend-Test-Case\node_modules\ts-node\src\index.ts:859:12)
    at reportTSError (D:\wa\Backend-Test-Case\node_modules\ts-node\src\index.ts:863:19)
    at getOutput (D:\wa\Backend-Test-Case\node_modules\ts-node\src\index.ts:1077:36)
    at Object.compile (D:\wa\Backend-Test-Case\node_modules\ts-node\src\index.ts:1433:41)
    at Module.m._compile (D:\wa\Backend-Test-Case\node_modules\ts-node\src\index.ts:1617:30)
    at Module._extensions..js (node:internal/modules/cjs/loader:1548:10)
    at Object.require.extensions.<computed> [as .ts] (D:\wa\Backend-Test-Case\node_modules\ts-node\src\index.ts:1621:12)
    at Module.load (node:internal/modules/cjs/loader:1288:32)
    at Function.Module._load (node:internal/modules/cjs/loader:1104:12)
    at Module.require (node:internal/modules/cjs/loader:1311:19)
 [LOGGER] 2024-09-28 01:23:36.572 AM ERROR : uncaughtException: тип Unable to compile TypeScript:
[96msrc/router/member-router.ts[0m:[93m6[0m:[93m24[0m - [91merror[0m[90m TS2769: [0mNo overload matches this call.
  The last overload gave the following error.
    Argument of type '(req: Request, res: Response, next: NextFunction) => Promise<Response<any, Record<string, any>> | undefined>' is not assignable to parameter of type 'Application<Record<string, any>>'.
      Type '(req: Request<ParamsDictionary, any, any, ParsedQs, Record<string, any>>, res: Response<any, Record<string, any>>, next: NextFunction) => Promise<...>' is missing the following properties from type 'Application<Record<string, any>>': init, defaultConfiguration, engine, set, and 63 more.

[7m6[0m router.post('/borrow', borrowBook);
[7m [0m [91m                       ~~~~~~~~~~[0m

  [96mnode_modules/@types/express-serve-static-core/index.d.ts[0m:[93m164[0m:[93m5[0m
    [7m164[0m     (path: PathParams, subApplication: Application): T;
    [7m   [0m [96m    ~~~~~~~~~~~~~~~~~~~~~~~~~~~~~~~~~~~~~~~~~~~~~~~~~~~[0m
    The last overload is declared here.

TSError: тип Unable to compile TypeScript:
[96msrc/router/member-router.ts[0m:[93m6[0m:[93m24[0m - [91merror[0m[90m TS2769: [0mNo overload matches this call.
  The last overload gave the following error.
    Argument of type '(req: Request, res: Response, next: NextFunction) => Promise<Response<any, Record<string, any>> | undefined>' is not assignable to parameter of type 'Application<Record<string, any>>'.
      Type '(req: Request<ParamsDictionary, any, any, ParsedQs, Record<string, any>>, res: Response<any, Record<string, any>>, next: NextFunction) => Promise<...>' is missing the following properties from type 'Application<Record<string, any>>': init, defaultConfiguration, engine, set, and 63 more.

[7m6[0m router.post('/borrow', borrowBook);
[7m [0m [91m                       ~~~~~~~~~~[0m

  [96mnode_modules/@types/express-serve-static-core/index.d.ts[0m:[93m164[0m:[93m5[0m
    [7m164[0m     (path: PathParams, subApplication: Application): T;
    [7m   [0m [96m    ~~~~~~~~~~~~~~~~~~~~~~~~~~~~~~~~~~~~~~~~~~~~~~~~~~~[0m
    The last overload is declared here.

    at createTSError (D:\wa\Backend-Test-Case\node_modules\ts-node\src\index.ts:859:12)
    at reportTSError (D:\wa\Backend-Test-Case\node_modules\ts-node\src\index.ts:863:19)
    at getOutput (D:\wa\Backend-Test-Case\node_modules\ts-node\src\index.ts:1077:36)
    at Object.compile (D:\wa\Backend-Test-Case\node_modules\ts-node\src\index.ts:1433:41)
    at Module.m._compile (D:\wa\Backend-Test-Case\node_modules\ts-node\src\index.ts:1617:30)
    at Module._extensions..js (node:internal/modules/cjs/loader:1548:10)
    at Object.require.extensions.<computed> [as .ts] (D:\wa\Backend-Test-Case\node_modules\ts-node\src\index.ts:1621:12)
    at Module.load (node:internal/modules/cjs/loader:1288:32)
    at Function.Module._load (node:internal/modules/cjs/loader:1104:12)
    at Module.require (node:internal/modules/cjs/loader:1311:19)
 [LOGGER] 2024-09-28 01:27:50.207 AM ERROR : uncaughtException: тип Unable to compile TypeScript:
[96msrc/router/member-router.ts[0m:[93m6[0m:[93m24[0m - [91merror[0m[90m TS2769: [0mNo overload matches this call.
  The last overload gave the following error.
    Argument of type '(req: Request, res: Response, next: NextFunction) => Promise<Response<any, Record<string, any>> | undefined>' is not assignable to parameter of type 'Application<Record<string, any>>'.
      Type '(req: Request<ParamsDictionary, any, any, ParsedQs, Record<string, any>>, res: Response<any, Record<string, any>>, next: NextFunction) => Promise<...>' is missing the following properties from type 'Application<Record<string, any>>': init, defaultConfiguration, engine, set, and 63 more.

[7m6[0m router.post('/borrow', borrowBook);
[7m [0m [91m                       ~~~~~~~~~~[0m

  [96mnode_modules/@types/express-serve-static-core/index.d.ts[0m:[93m164[0m:[93m5[0m
    [7m164[0m     (path: PathParams, subApplication: Application): T;
    [7m   [0m [96m    ~~~~~~~~~~~~~~~~~~~~~~~~~~~~~~~~~~~~~~~~~~~~~~~~~~~[0m
    The last overload is declared here.

TSError: тип Unable to compile TypeScript:
[96msrc/router/member-router.ts[0m:[93m6[0m:[93m24[0m - [91merror[0m[90m TS2769: [0mNo overload matches this call.
  The last overload gave the following error.
    Argument of type '(req: Request, res: Response, next: NextFunction) => Promise<Response<any, Record<string, any>> | undefined>' is not assignable to parameter of type 'Application<Record<string, any>>'.
      Type '(req: Request<ParamsDictionary, any, any, ParsedQs, Record<string, any>>, res: Response<any, Record<string, any>>, next: NextFunction) => Promise<...>' is missing the following properties from type 'Application<Record<string, any>>': init, defaultConfiguration, engine, set, and 63 more.

[7m6[0m router.post('/borrow', borrowBook);
[7m [0m [91m                       ~~~~~~~~~~[0m

  [96mnode_modules/@types/express-serve-static-core/index.d.ts[0m:[93m164[0m:[93m5[0m
    [7m164[0m     (path: PathParams, subApplication: Application): T;
    [7m   [0m [96m    ~~~~~~~~~~~~~~~~~~~~~~~~~~~~~~~~~~~~~~~~~~~~~~~~~~~[0m
    The last overload is declared here.

    at createTSError (D:\wa\Backend-Test-Case\node_modules\ts-node\src\index.ts:859:12)
    at reportTSError (D:\wa\Backend-Test-Case\node_modules\ts-node\src\index.ts:863:19)
    at getOutput (D:\wa\Backend-Test-Case\node_modules\ts-node\src\index.ts:1077:36)
    at Object.compile (D:\wa\Backend-Test-Case\node_modules\ts-node\src\index.ts:1433:41)
    at Module.m._compile (D:\wa\Backend-Test-Case\node_modules\ts-node\src\index.ts:1617:30)
    at Module._extensions..js (node:internal/modules/cjs/loader:1548:10)
    at Object.require.extensions.<computed> [as .ts] (D:\wa\Backend-Test-Case\node_modules\ts-node\src\index.ts:1621:12)
    at Module.load (node:internal/modules/cjs/loader:1288:32)
    at Function.Module._load (node:internal/modules/cjs/loader:1104:12)
    at Module.require (node:internal/modules/cjs/loader:1311:19)
 [LOGGER] 2024-09-28 01:28:06.089 AM ERROR : uncaughtException: тип Unable to compile TypeScript:
[96msrc/router/member-router.ts[0m:[93m6[0m:[93m24[0m - [91merror[0m[90m TS2769: [0mNo overload matches this call.
  The last overload gave the following error.
    Argument of type '(req: Request, res: Response, next: NextFunction) => Promise<Response<any, Record<string, any>> | undefined>' is not assignable to parameter of type 'Application<Record<string, any>>'.
      Type '(req: Request<ParamsDictionary, any, any, ParsedQs, Record<string, any>>, res: Response<any, Record<string, any>>, next: NextFunction) => Promise<...>' is missing the following properties from type 'Application<Record<string, any>>': init, defaultConfiguration, engine, set, and 63 more.

[7m6[0m router.post('/borrow', borrowBook);
[7m [0m [91m                       ~~~~~~~~~~[0m

  [96mnode_modules/@types/express-serve-static-core/index.d.ts[0m:[93m164[0m:[93m5[0m
    [7m164[0m     (path: PathParams, subApplication: Application): T;
    [7m   [0m [96m    ~~~~~~~~~~~~~~~~~~~~~~~~~~~~~~~~~~~~~~~~~~~~~~~~~~~[0m
    The last overload is declared here.

TSError: тип Unable to compile TypeScript:
[96msrc/router/member-router.ts[0m:[93m6[0m:[93m24[0m - [91merror[0m[90m TS2769: [0mNo overload matches this call.
  The last overload gave the following error.
    Argument of type '(req: Request, res: Response, next: NextFunction) => Promise<Response<any, Record<string, any>> | undefined>' is not assignable to parameter of type 'Application<Record<string, any>>'.
      Type '(req: Request<ParamsDictionary, any, any, ParsedQs, Record<string, any>>, res: Response<any, Record<string, any>>, next: NextFunction) => Promise<...>' is missing the following properties from type 'Application<Record<string, any>>': init, defaultConfiguration, engine, set, and 63 more.

[7m6[0m router.post('/borrow', borrowBook);
[7m [0m [91m                       ~~~~~~~~~~[0m

  [96mnode_modules/@types/express-serve-static-core/index.d.ts[0m:[93m164[0m:[93m5[0m
    [7m164[0m     (path: PathParams, subApplication: Application): T;
    [7m   [0m [96m    ~~~~~~~~~~~~~~~~~~~~~~~~~~~~~~~~~~~~~~~~~~~~~~~~~~~[0m
    The last overload is declared here.

    at createTSError (D:\wa\Backend-Test-Case\node_modules\ts-node\src\index.ts:859:12)
    at reportTSError (D:\wa\Backend-Test-Case\node_modules\ts-node\src\index.ts:863:19)
    at getOutput (D:\wa\Backend-Test-Case\node_modules\ts-node\src\index.ts:1077:36)
    at Object.compile (D:\wa\Backend-Test-Case\node_modules\ts-node\src\index.ts:1433:41)
    at Module.m._compile (D:\wa\Backend-Test-Case\node_modules\ts-node\src\index.ts:1617:30)
    at Module._extensions..js (node:internal/modules/cjs/loader:1548:10)
    at Object.require.extensions.<computed> [as .ts] (D:\wa\Backend-Test-Case\node_modules\ts-node\src\index.ts:1621:12)
    at Module.load (node:internal/modules/cjs/loader:1288:32)
    at Function.Module._load (node:internal/modules/cjs/loader:1104:12)
    at Module.require (node:internal/modules/cjs/loader:1311:19)
 [LOGGER] 2024-09-28 01:28:22.360 AM ERROR : uncaughtException: тип Unable to compile TypeScript:
[96msrc/router/member-router.ts[0m:[93m6[0m:[93m24[0m - [91merror[0m[90m TS2769: [0mNo overload matches this call.
  The last overload gave the following error.
    Argument of type '(req: Request, res: Response, next: NextFunction) => Promise<Response<any, Record<string, any>> | undefined>' is not assignable to parameter of type 'Application<Record<string, any>>'.
      Type '(req: Request<ParamsDictionary, any, any, ParsedQs, Record<string, any>>, res: Response<any, Record<string, any>>, next: NextFunction) => Promise<...>' is missing the following properties from type 'Application<Record<string, any>>': init, defaultConfiguration, engine, set, and 63 more.

[7m6[0m router.post('/borrow', borrowBook);
[7m [0m [91m                       ~~~~~~~~~~[0m

  [96mnode_modules/@types/express-serve-static-core/index.d.ts[0m:[93m164[0m:[93m5[0m
    [7m164[0m     (path: PathParams, subApplication: Application): T;
    [7m   [0m [96m    ~~~~~~~~~~~~~~~~~~~~~~~~~~~~~~~~~~~~~~~~~~~~~~~~~~~[0m
    The last overload is declared here.

TSError: тип Unable to compile TypeScript:
[96msrc/router/member-router.ts[0m:[93m6[0m:[93m24[0m - [91merror[0m[90m TS2769: [0mNo overload matches this call.
  The last overload gave the following error.
    Argument of type '(req: Request, res: Response, next: NextFunction) => Promise<Response<any, Record<string, any>> | undefined>' is not assignable to parameter of type 'Application<Record<string, any>>'.
      Type '(req: Request<ParamsDictionary, any, any, ParsedQs, Record<string, any>>, res: Response<any, Record<string, any>>, next: NextFunction) => Promise<...>' is missing the following properties from type 'Application<Record<string, any>>': init, defaultConfiguration, engine, set, and 63 more.

[7m6[0m router.post('/borrow', borrowBook);
[7m [0m [91m                       ~~~~~~~~~~[0m

  [96mnode_modules/@types/express-serve-static-core/index.d.ts[0m:[93m164[0m:[93m5[0m
    [7m164[0m     (path: PathParams, subApplication: Application): T;
    [7m   [0m [96m    ~~~~~~~~~~~~~~~~~~~~~~~~~~~~~~~~~~~~~~~~~~~~~~~~~~~[0m
    The last overload is declared here.

    at createTSError (D:\wa\Backend-Test-Case\node_modules\ts-node\src\index.ts:859:12)
    at reportTSError (D:\wa\Backend-Test-Case\node_modules\ts-node\src\index.ts:863:19)
    at getOutput (D:\wa\Backend-Test-Case\node_modules\ts-node\src\index.ts:1077:36)
    at Object.compile (D:\wa\Backend-Test-Case\node_modules\ts-node\src\index.ts:1433:41)
    at Module.m._compile (D:\wa\Backend-Test-Case\node_modules\ts-node\src\index.ts:1617:30)
    at Module._extensions..js (node:internal/modules/cjs/loader:1548:10)
    at Object.require.extensions.<computed> [as .ts] (D:\wa\Backend-Test-Case\node_modules\ts-node\src\index.ts:1621:12)
    at Module.load (node:internal/modules/cjs/loader:1288:32)
    at Function.Module._load (node:internal/modules/cjs/loader:1104:12)
    at Module.require (node:internal/modules/cjs/loader:1311:19)
 [LOGGER] 2024-09-28 01:28:39.503 AM ERROR : uncaughtException: тип Unable to compile TypeScript:
[96msrc/router/member-router.ts[0m:[93m6[0m:[93m24[0m - [91merror[0m[90m TS2769: [0mNo overload matches this call.
  The last overload gave the following error.
    Argument of type '(req: Request, res: Response, next: NextFunction) => Promise<Response<any, Record<string, any>> | undefined>' is not assignable to parameter of type 'Application<Record<string, any>>'.
      Type '(req: Request<ParamsDictionary, any, any, ParsedQs, Record<string, any>>, res: Response<any, Record<string, any>>, next: NextFunction) => Promise<...>' is missing the following properties from type 'Application<Record<string, any>>': init, defaultConfiguration, engine, set, and 63 more.

[7m6[0m router.post('/borrow', borrowBook);
[7m [0m [91m                       ~~~~~~~~~~[0m

  [96mnode_modules/@types/express-serve-static-core/index.d.ts[0m:[93m164[0m:[93m5[0m
    [7m164[0m     (path: PathParams, subApplication: Application): T;
    [7m   [0m [96m    ~~~~~~~~~~~~~~~~~~~~~~~~~~~~~~~~~~~~~~~~~~~~~~~~~~~[0m
    The last overload is declared here.

TSError: тип Unable to compile TypeScript:
[96msrc/router/member-router.ts[0m:[93m6[0m:[93m24[0m - [91merror[0m[90m TS2769: [0mNo overload matches this call.
  The last overload gave the following error.
    Argument of type '(req: Request, res: Response, next: NextFunction) => Promise<Response<any, Record<string, any>> | undefined>' is not assignable to parameter of type 'Application<Record<string, any>>'.
      Type '(req: Request<ParamsDictionary, any, any, ParsedQs, Record<string, any>>, res: Response<any, Record<string, any>>, next: NextFunction) => Promise<...>' is missing the following properties from type 'Application<Record<string, any>>': init, defaultConfiguration, engine, set, and 63 more.

[7m6[0m router.post('/borrow', borrowBook);
[7m [0m [91m                       ~~~~~~~~~~[0m

  [96mnode_modules/@types/express-serve-static-core/index.d.ts[0m:[93m164[0m:[93m5[0m
    [7m164[0m     (path: PathParams, subApplication: Application): T;
    [7m   [0m [96m    ~~~~~~~~~~~~~~~~~~~~~~~~~~~~~~~~~~~~~~~~~~~~~~~~~~~[0m
    The last overload is declared here.

    at createTSError (D:\wa\Backend-Test-Case\node_modules\ts-node\src\index.ts:859:12)
    at reportTSError (D:\wa\Backend-Test-Case\node_modules\ts-node\src\index.ts:863:19)
    at getOutput (D:\wa\Backend-Test-Case\node_modules\ts-node\src\index.ts:1077:36)
    at Object.compile (D:\wa\Backend-Test-Case\node_modules\ts-node\src\index.ts:1433:41)
    at Module.m._compile (D:\wa\Backend-Test-Case\node_modules\ts-node\src\index.ts:1617:30)
    at Module._extensions..js (node:internal/modules/cjs/loader:1548:10)
    at Object.require.extensions.<computed> [as .ts] (D:\wa\Backend-Test-Case\node_modules\ts-node\src\index.ts:1621:12)
    at Module.load (node:internal/modules/cjs/loader:1288:32)
    at Function.Module._load (node:internal/modules/cjs/loader:1104:12)
    at Module.require (node:internal/modules/cjs/loader:1311:19)
 [LOGGER] 2024-09-28 02:04:20.267 AM ERROR : Seeding members failed Operation `members.deleteMany()` buffering timed out after 10000ms
 [LOGGER] 2024-09-28 02:08:36.252 AM ERROR : uncaughtException: Cannot find module './utils/connectDB'
Require stack:
- D:\wa\Backend-Test-Case\src\seeders\book-seeder.ts
Error: Cannot find module './utils/connectDB'
Require stack:
- D:\wa\Backend-Test-Case\src\seeders\book-seeder.ts
    at Function.Module._resolveFilename (node:internal/modules/cjs/loader:1225:15)
    at Function.Module._resolveFilename.sharedData.moduleResolveFilenameHook.installedValue [as _resolveFilename] (D:\wa\Backend-Test-Case\node_modules\@cspotcode\source-map-support\source-map-support.js:811:30)
    at Function.Module._load (node:internal/modules/cjs/loader:1051:27)
    at Module.require (node:internal/modules/cjs/loader:1311:19)
    at require (node:internal/modules/helpers:179:18)
    at Object.<anonymous> (D:\wa\Backend-Test-Case\src\seeders\book-seeder.ts:3:1)
    at Module._compile (node:internal/modules/cjs/loader:1469:14)
    at Module.m._compile (D:\wa\Backend-Test-Case\node_modules\ts-node\src\index.ts:1618:23)
    at Module._extensions..js (node:internal/modules/cjs/loader:1548:10)
    at Object.require.extensions.<computed> [as .ts] (D:\wa\Backend-Test-Case\node_modules\ts-node\src\index.ts:1621:12)
 [LOGGER] 2024-09-28 02:10:12.654 AM ERROR : Seeding members failed E11000 duplicate key error collection: LibraryManagement.members index: email_1 dup key: { email: null }
 [LOGGER] 2024-09-28 02:11:53.603 AM ERROR : Seeding members failed E11000 duplicate key error collection: LibraryManagement.members index: email_1 dup key: { email: null }
 [LOGGER] 2024-09-28 02:12:49.445 AM ERROR : Seeding members failed E11000 duplicate key error collection: LibraryManagement.members index: email_1 dup key: { email: null }
 [LOGGER] 2024-09-28 07:22:04.364 AM ERROR : uncaughtException: тип Unable to compile TypeScript:
[96msrc/controller/member-contoller.ts[0m:[93m29[0m:[93m33[0m - [91merror[0m[90m TS2353: [0mObject literal may only specify known properties, and 'bookCode' does not exist in type 'IBorrowedBook'.

[7m29[0m     member.borrowedBooks.push({ bookCode: book.code, borrowedAt: new Date() });
[7m  [0m [91m                                ~~~~~~~~[0m

TSError: тип Unable to compile TypeScript:
[96msrc/controller/member-contoller.ts[0m:[93m29[0m:[93m33[0m - [91merror[0m[90m TS2353: [0mObject literal may only specify known properties, and 'bookCode' does not exist in type 'IBorrowedBook'.

[7m29[0m     member.borrowedBooks.push({ bookCode: book.code, borrowedAt: new Date() });
[7m  [0m [91m                                ~~~~~~~~[0m

    at createTSError (D:\wa\Backend-Test-Case\node_modules\ts-node\src\index.ts:859:12)
    at reportTSError (D:\wa\Backend-Test-Case\node_modules\ts-node\src\index.ts:863:19)
    at getOutput (D:\wa\Backend-Test-Case\node_modules\ts-node\src\index.ts:1077:36)
    at Object.compile (D:\wa\Backend-Test-Case\node_modules\ts-node\src\index.ts:1433:41)
    at Module.m._compile (D:\wa\Backend-Test-Case\node_modules\ts-node\src\index.ts:1617:30)
    at Module._extensions..js (node:internal/modules/cjs/loader:1548:10)
    at Object.require.extensions.<computed> [as .ts] (D:\wa\Backend-Test-Case\node_modules\ts-node\src\index.ts:1621:12)
    at Module.load (node:internal/modules/cjs/loader:1288:32)
    at Function.Module._load (node:internal/modules/cjs/loader:1104:12)
    at Module.require (node:internal/modules/cjs/loader:1311:19)
 [LOGGER] 2024-09-28 07:24:17.923 AM ERROR : uncaughtException: тип Unable to compile TypeScript:
[96msrc/controller/member-contoller.ts[0m:[93m29[0m:[93m33[0m - [91merror[0m[90m TS2353: [0mObject literal may only specify known properties, and 'bookCode' does not exist in type 'IBorrowedBook'.

[7m29[0m     member.borrowedBooks.push({ bookCode: book.code, borrowedAt: new Date() });
[7m  [0m [91m                                ~~~~~~~~[0m

TSError: тип Unable to compile TypeScript:
[96msrc/controller/member-contoller.ts[0m:[93m29[0m:[93m33[0m - [91merror[0m[90m TS2353: [0mObject literal may only specify known properties, and 'bookCode' does not exist in type 'IBorrowedBook'.

[7m29[0m     member.borrowedBooks.push({ bookCode: book.code, borrowedAt: new Date() });
[7m  [0m [91m                                ~~~~~~~~[0m

    at createTSError (D:\wa\Backend-Test-Case\node_modules\ts-node\src\index.ts:859:12)
    at reportTSError (D:\wa\Backend-Test-Case\node_modules\ts-node\src\index.ts:863:19)
    at getOutput (D:\wa\Backend-Test-Case\node_modules\ts-node\src\index.ts:1077:36)
    at Object.compile (D:\wa\Backend-Test-Case\node_modules\ts-node\src\index.ts:1433:41)
    at Module.m._compile (D:\wa\Backend-Test-Case\node_modules\ts-node\src\index.ts:1617:30)
    at Module._extensions..js (node:internal/modules/cjs/loader:1548:10)
    at Object.require.extensions.<computed> [as .ts] (D:\wa\Backend-Test-Case\node_modules\ts-node\src\index.ts:1621:12)
    at Module.load (node:internal/modules/cjs/loader:1288:32)
    at Function.Module._load (node:internal/modules/cjs/loader:1104:12)
    at Module.require (node:internal/modules/cjs/loader:1311:19)
 [LOGGER] 2024-09-28 07:24:44.195 AM ERROR : uncaughtException: тип Unable to compile TypeScript:
[96msrc/controller/member-contoller.ts[0m:[93m29[0m:[93m33[0m - [91merror[0m[90m TS2353: [0mObject literal may only specify known properties, and 'bookCode' does not exist in type 'IBorrowedBook'.

[7m29[0m     member.borrowedBooks.push({ bookCode: book.code, borrowedAt: new Date() });
[7m  [0m [91m                                ~~~~~~~~[0m

TSError: тип Unable to compile TypeScript:
[96msrc/controller/member-contoller.ts[0m:[93m29[0m:[93m33[0m - [91merror[0m[90m TS2353: [0mObject literal may only specify known properties, and 'bookCode' does not exist in type 'IBorrowedBook'.

[7m29[0m     member.borrowedBooks.push({ bookCode: book.code, borrowedAt: new Date() });
[7m  [0m [91m                                ~~~~~~~~[0m

    at createTSError (D:\wa\Backend-Test-Case\node_modules\ts-node\src\index.ts:859:12)
    at reportTSError (D:\wa\Backend-Test-Case\node_modules\ts-node\src\index.ts:863:19)
    at getOutput (D:\wa\Backend-Test-Case\node_modules\ts-node\src\index.ts:1077:36)
    at Object.compile (D:\wa\Backend-Test-Case\node_modules\ts-node\src\index.ts:1433:41)
    at Module.m._compile (D:\wa\Backend-Test-Case\node_modules\ts-node\src\index.ts:1617:30)
    at Module._extensions..js (node:internal/modules/cjs/loader:1548:10)
    at Object.require.extensions.<computed> [as .ts] (D:\wa\Backend-Test-Case\node_modules\ts-node\src\index.ts:1621:12)
    at Module.load (node:internal/modules/cjs/loader:1288:32)
    at Function.Module._load (node:internal/modules/cjs/loader:1104:12)
    at Module.require (node:internal/modules/cjs/loader:1311:19)
 [LOGGER] 2024-09-28 07:27:39.913 AM ERROR : uncaughtException: тип Unable to compile TypeScript:
[96msrc/router/member-router.ts[0m:[93m2[0m:[93m10[0m - [91merror[0m[90m TS2305: [0mModule '"../controller/member-contoller"' has no exported member 'borrowBook'.

[7m2[0m import { borrowBook, returnBook, checkMembers } from '../controller/member-contoller';
[7m [0m [91m         ~~~~~~~~~~[0m

TSError: тип Unable to compile TypeScript:
[96msrc/router/member-router.ts[0m:[93m2[0m:[93m10[0m - [91merror[0m[90m TS2305: [0mModule '"../controller/member-contoller"' has no exported member 'borrowBook'.

[7m2[0m import { borrowBook, returnBook, checkMembers } from '../controller/member-contoller';
[7m [0m [91m         ~~~~~~~~~~[0m

    at createTSError (D:\wa\Backend-Test-Case\node_modules\ts-node\src\index.ts:859:12)
    at reportTSError (D:\wa\Backend-Test-Case\node_modules\ts-node\src\index.ts:863:19)
    at getOutput (D:\wa\Backend-Test-Case\node_modules\ts-node\src\index.ts:1077:36)
    at Object.compile (D:\wa\Backend-Test-Case\node_modules\ts-node\src\index.ts:1433:41)
    at Module.m._compile (D:\wa\Backend-Test-Case\node_modules\ts-node\src\index.ts:1617:30)
    at Module._extensions..js (node:internal/modules/cjs/loader:1548:10)
    at Object.require.extensions.<computed> [as .ts] (D:\wa\Backend-Test-Case\node_modules\ts-node\src\index.ts:1621:12)
    at Module.load (node:internal/modules/cjs/loader:1288:32)
    at Function.Module._load (node:internal/modules/cjs/loader:1104:12)
    at Module.require (node:internal/modules/cjs/loader:1311:19)
 [LOGGER] 2024-09-28 07:40:40.723 AM ERROR : uncaughtException: тип Unable to compile TypeScript:
[96msrc/controller/member-contoller.ts[0m:[93m29[0m:[93m33[0m - [91merror[0m[90m TS2353: [0mObject literal may only specify known properties, and 'bookCode' does not exist in type 'IBorrowedBook'.

[7m29[0m     member.borrowedBooks.push({ bookCode: book.code, borrowedAt: new Date() });
[7m  [0m [91m                                ~~~~~~~~[0m

TSError: тип Unable to compile TypeScript:
[96msrc/controller/member-contoller.ts[0m:[93m29[0m:[93m33[0m - [91merror[0m[90m TS2353: [0mObject literal may only specify known properties, and 'bookCode' does not exist in type 'IBorrowedBook'.

[7m29[0m     member.borrowedBooks.push({ bookCode: book.code, borrowedAt: new Date() });
[7m  [0m [91m                                ~~~~~~~~[0m

    at createTSError (D:\wa\Backend-Test-Case\node_modules\ts-node\src\index.ts:859:12)
    at reportTSError (D:\wa\Backend-Test-Case\node_modules\ts-node\src\index.ts:863:19)
    at getOutput (D:\wa\Backend-Test-Case\node_modules\ts-node\src\index.ts:1077:36)
    at Object.compile (D:\wa\Backend-Test-Case\node_modules\ts-node\src\index.ts:1433:41)
    at Module.m._compile (D:\wa\Backend-Test-Case\node_modules\ts-node\src\index.ts:1617:30)
    at Module._extensions..js (node:internal/modules/cjs/loader:1548:10)
    at Object.require.extensions.<computed> [as .ts] (D:\wa\Backend-Test-Case\node_modules\ts-node\src\index.ts:1621:12)
    at Module.load (node:internal/modules/cjs/loader:1288:32)
    at Function.Module._load (node:internal/modules/cjs/loader:1104:12)
    at Module.require (node:internal/modules/cjs/loader:1311:19)
 [LOGGER] 2024-09-28 07:40:54.084 AM ERROR : uncaughtException: тип Unable to compile TypeScript:
[96msrc/controller/member-contoller.ts[0m:[93m29[0m:[93m33[0m - [91merror[0m[90m TS2353: [0mObject literal may only specify known properties, and 'bookCode' does not exist in type 'IBorrowedBook'.

[7m29[0m     member.borrowedBooks.push({ bookCode: book.code, borrowedAt: new Date() });
[7m  [0m [91m                                ~~~~~~~~[0m

TSError: тип Unable to compile TypeScript:
[96msrc/controller/member-contoller.ts[0m:[93m29[0m:[93m33[0m - [91merror[0m[90m TS2353: [0mObject literal may only specify known properties, and 'bookCode' does not exist in type 'IBorrowedBook'.

[7m29[0m     member.borrowedBooks.push({ bookCode: book.code, borrowedAt: new Date() });
[7m  [0m [91m                                ~~~~~~~~[0m

    at createTSError (D:\wa\Backend-Test-Case\node_modules\ts-node\src\index.ts:859:12)
    at reportTSError (D:\wa\Backend-Test-Case\node_modules\ts-node\src\index.ts:863:19)
    at getOutput (D:\wa\Backend-Test-Case\node_modules\ts-node\src\index.ts:1077:36)
    at Object.compile (D:\wa\Backend-Test-Case\node_modules\ts-node\src\index.ts:1433:41)
    at Module.m._compile (D:\wa\Backend-Test-Case\node_modules\ts-node\src\index.ts:1617:30)
    at Module._extensions..js (node:internal/modules/cjs/loader:1548:10)
    at Object.require.extensions.<computed> [as .ts] (D:\wa\Backend-Test-Case\node_modules\ts-node\src\index.ts:1621:12)
    at Module.load (node:internal/modules/cjs/loader:1288:32)
    at Function.Module._load (node:internal/modules/cjs/loader:1104:12)
    at Module.require (node:internal/modules/cjs/loader:1311:19)
 [LOGGER] 2024-09-28 07:41:33.799 AM ERROR : uncaughtException: тип Unable to compile TypeScript:
[96msrc/model/member-model.ts[0m:[93m45[0m:[93m3[0m - [91merror[0m[90m TS2353: [0mObject literal may only specify known properties, and 'book' does not exist in type 'IBorrowedBook | { bookCode?: SchemaDefinitionProperty<string, IBorrowedBook> | undefined; borrowedAt?: SchemaDefinitionProperty<Date, IBorrowedBook> | undefined; }'.

[7m45[0m   book: { type: Schema.Types.ObjectId, ref: 'Book', required: true }, // Referensi ke Book
[7m  [0m [91m  ~~~~[0m

TSError: тип Unable to compile TypeScript:
[96msrc/model/member-model.ts[0m:[93m45[0m:[93m3[0m - [91merror[0m[90m TS2353: [0mObject literal may only specify known properties, and 'book' does not exist in type 'IBorrowedBook | { bookCode?: SchemaDefinitionProperty<string, IBorrowedBook> | undefined; borrowedAt?: SchemaDefinitionProperty<Date, IBorrowedBook> | undefined; }'.

[7m45[0m   book: { type: Schema.Types.ObjectId, ref: 'Book', required: true }, // Referensi ke Book
[7m  [0m [91m  ~~~~[0m

    at createTSError (D:\wa\Backend-Test-Case\node_modules\ts-node\src\index.ts:859:12)
    at reportTSError (D:\wa\Backend-Test-Case\node_modules\ts-node\src\index.ts:863:19)
    at getOutput (D:\wa\Backend-Test-Case\node_modules\ts-node\src\index.ts:1077:36)
    at Object.compile (D:\wa\Backend-Test-Case\node_modules\ts-node\src\index.ts:1433:41)
    at Module.m._compile (D:\wa\Backend-Test-Case\node_modules\ts-node\src\index.ts:1617:30)
    at Module._extensions..js (node:internal/modules/cjs/loader:1548:10)
    at Object.require.extensions.<computed> [as .ts] (D:\wa\Backend-Test-Case\node_modules\ts-node\src\index.ts:1621:12)
    at Module.load (node:internal/modules/cjs/loader:1288:32)
    at Function.Module._load (node:internal/modules/cjs/loader:1104:12)
    at Module.require (node:internal/modules/cjs/loader:1311:19)
 [LOGGER] 2024-09-28 07:41:48.680 AM ERROR : uncaughtException: тип Unable to compile TypeScript:
[96msrc/model/member-model.ts[0m:[93m45[0m:[93m3[0m - [91merror[0m[90m TS2353: [0mObject literal may only specify known properties, and 'book' does not exist in type 'IBorrowedBook | { bookCode?: SchemaDefinitionProperty<string, IBorrowedBook> | undefined; borrowedAt?: SchemaDefinitionProperty<Date, IBorrowedBook> | undefined; }'.

[7m45[0m   book: { type: Schema.Types.ObjectId, ref: 'Book', required: true }, // Referensi ke Book
[7m  [0m [91m  ~~~~[0m

TSError: тип Unable to compile TypeScript:
[96msrc/model/member-model.ts[0m:[93m45[0m:[93m3[0m - [91merror[0m[90m TS2353: [0mObject literal may only specify known properties, and 'book' does not exist in type 'IBorrowedBook | { bookCode?: SchemaDefinitionProperty<string, IBorrowedBook> | undefined; borrowedAt?: SchemaDefinitionProperty<Date, IBorrowedBook> | undefined; }'.

[7m45[0m   book: { type: Schema.Types.ObjectId, ref: 'Book', required: true }, // Referensi ke Book
[7m  [0m [91m  ~~~~[0m

    at createTSError (D:\wa\Backend-Test-Case\node_modules\ts-node\src\index.ts:859:12)
    at reportTSError (D:\wa\Backend-Test-Case\node_modules\ts-node\src\index.ts:863:19)
    at getOutput (D:\wa\Backend-Test-Case\node_modules\ts-node\src\index.ts:1077:36)
    at Object.compile (D:\wa\Backend-Test-Case\node_modules\ts-node\src\index.ts:1433:41)
    at Module.m._compile (D:\wa\Backend-Test-Case\node_modules\ts-node\src\index.ts:1617:30)
    at Module._extensions..js (node:internal/modules/cjs/loader:1548:10)
    at Object.require.extensions.<computed> [as .ts] (D:\wa\Backend-Test-Case\node_modules\ts-node\src\index.ts:1621:12)
    at Module.load (node:internal/modules/cjs/loader:1288:32)
    at Function.Module._load (node:internal/modules/cjs/loader:1104:12)
    at Module.require (node:internal/modules/cjs/loader:1311:19)
 [LOGGER] 2024-09-28 10:53:23.567 AM ERROR : uncaughtException: тип Unable to compile TypeScript:
[96msrc/model/book-model.ts[0m:[93m5[0m:[93m31[0m - [91merror[0m[90m TS2304: [0mCannot find name 'IBook'.

[7m5[0m const BookSchema = new Schema<IBook>({
[7m [0m [91m                              ~~~~~[0m
[96msrc/model/book-model.ts[0m:[93m12[0m:[93m27[0m - [91merror[0m[90m TS2304: [0mCannot find name 'IBook'.

[7m12[0m export const Book = model<IBook>('Book', BookSchema);
[7m  [0m [91m                          ~~~~~[0m

TSError: тип Unable to compile TypeScript:
[96msrc/model/book-model.ts[0m:[93m5[0m:[93m31[0m - [91merror[0m[90m TS2304: [0mCannot find name 'IBook'.

[7m5[0m const BookSchema = new Schema<IBook>({
[7m [0m [91m                              ~~~~~[0m
[96msrc/model/book-model.ts[0m:[93m12[0m:[93m27[0m - [91merror[0m[90m TS2304: [0mCannot find name 'IBook'.

[7m12[0m export const Book = model<IBook>('Book', BookSchema);
[7m  [0m [91m                          ~~~~~[0m

    at createTSError (D:\wa\Backend-Test-Case\node_modules\ts-node\src\index.ts:859:12)
    at reportTSError (D:\wa\Backend-Test-Case\node_modules\ts-node\src\index.ts:863:19)
    at getOutput (D:\wa\Backend-Test-Case\node_modules\ts-node\src\index.ts:1077:36)
    at Object.compile (D:\wa\Backend-Test-Case\node_modules\ts-node\src\index.ts:1433:41)
    at Module.m._compile (D:\wa\Backend-Test-Case\node_modules\ts-node\src\index.ts:1617:30)
    at Module._extensions..js (node:internal/modules/cjs/loader:1548:10)
    at Object.require.extensions.<computed> [as .ts] (D:\wa\Backend-Test-Case\node_modules\ts-node\src\index.ts:1621:12)
    at Module.load (node:internal/modules/cjs/loader:1288:32)
    at Function.Module._load (node:internal/modules/cjs/loader:1104:12)
    at Module.require (node:internal/modules/cjs/loader:1311:19)
 [LOGGER] 2024-09-28 11:03:05.351 AM ERROR : uncaughtException: тип Unable to compile TypeScript:
[96msrc/controller/member-contoller.ts[0m:[93m5[0m:[93m28[0m - [91merror[0m[90m TS2307: [0mCannot find module 'src/validation/validate' or its corresponding type declarations.

[7m5[0m import { validation } from 'src/validation/validate';
[7m [0m [91m                           ~~~~~~~~~~~~~~~~~~~~~~~~~[0m
[96msrc/controller/member-contoller.ts[0m:[93m6[0m:[93m34[0m - [91merror[0m[90m TS2307: [0mCannot find module 'src/validation/validation' or its corresponding type declarations.

[7m6[0m import { schemaValidation } from 'src/validation/validation';
[7m [0m [91m                                 ~~~~~~~~~~~~~~~~~~~~~~~~~~~[0m

TSError: тип Unable to compile TypeScript:
[96msrc/controller/member-contoller.ts[0m:[93m5[0m:[93m28[0m - [91merror[0m[90m TS2307: [0mCannot find module 'src/validation/validate' or its corresponding type declarations.

[7m5[0m import { validation } from 'src/validation/validate';
[7m [0m [91m                           ~~~~~~~~~~~~~~~~~~~~~~~~~[0m
[96msrc/controller/member-contoller.ts[0m:[93m6[0m:[93m34[0m - [91merror[0m[90m TS2307: [0mCannot find module 'src/validation/validation' or its corresponding type declarations.

[7m6[0m import { schemaValidation } from 'src/validation/validation';
[7m [0m [91m                                 ~~~~~~~~~~~~~~~~~~~~~~~~~~~[0m

    at createTSError (D:\wa\Backend-Test-Case\node_modules\ts-node\src\index.ts:859:12)
    at reportTSError (D:\wa\Backend-Test-Case\node_modules\ts-node\src\index.ts:863:19)
    at getOutput (D:\wa\Backend-Test-Case\node_modules\ts-node\src\index.ts:1077:36)
    at Object.compile (D:\wa\Backend-Test-Case\node_modules\ts-node\src\index.ts:1433:41)
    at Module.m._compile (D:\wa\Backend-Test-Case\node_modules\ts-node\src\index.ts:1617:30)
    at Module._extensions..js (node:internal/modules/cjs/loader:1548:10)
    at Object.require.extensions.<computed> [as .ts] (D:\wa\Backend-Test-Case\node_modules\ts-node\src\index.ts:1621:12)
    at Module.load (node:internal/modules/cjs/loader:1288:32)
    at Function.Module._load (node:internal/modules/cjs/loader:1104:12)
    at Module.require (node:internal/modules/cjs/loader:1311:19)
 [LOGGER] 2024-09-28 12:12:51.733 PM ERROR : uncaughtException: ENOENT: no such file or directory, open 'D:\wa\docs\swagger.json'
Error: ENOENT: no such file or directory, open 'D:\wa\docs\swagger.json'
    at readFileSync (node:fs:448:20)
    at Object.<anonymous> (D:\wa\Backend-Test-Case\src\index.ts:12:44)
    at Module._compile (node:internal/modules/cjs/loader:1469:14)
    at Module.m._compile (D:\wa\Backend-Test-Case\node_modules\ts-node\src\index.ts:1618:23)
    at Module._extensions..js (node:internal/modules/cjs/loader:1548:10)
    at Object.require.extensions.<computed> [as .ts] (D:\wa\Backend-Test-Case\node_modules\ts-node\src\index.ts:1621:12)
    at Module.load (node:internal/modules/cjs/loader:1288:32)
    at Function.Module._load (node:internal/modules/cjs/loader:1104:12)
    at Function.executeUserEntryPoint [as runMain] (node:internal/modules/run_main:174:12)
    at phase4 (D:\wa\Backend-Test-Case\node_modules\ts-node\src\bin.ts:649:14)
 [LOGGER] 2024-09-28 12:13:22.886 PM ERROR : uncaughtException: ENOENT: no such file or directory, open 'D:\docs\swagger.json'
Error: ENOENT: no such file or directory, open 'D:\docs\swagger.json'
    at readFileSync (node:fs:448:20)
    at Object.<anonymous> (D:\wa\Backend-Test-Case\src\index.ts:12:44)
    at Module._compile (node:internal/modules/cjs/loader:1469:14)
    at Module.m._compile (D:\wa\Backend-Test-Case\node_modules\ts-node\src\index.ts:1618:23)
    at Module._extensions..js (node:internal/modules/cjs/loader:1548:10)
    at Object.require.extensions.<computed> [as .ts] (D:\wa\Backend-Test-Case\node_modules\ts-node\src\index.ts:1621:12)
    at Module.load (node:internal/modules/cjs/loader:1288:32)
    at Function.Module._load (node:internal/modules/cjs/loader:1104:12)
    at Function.executeUserEntryPoint [as runMain] (node:internal/modules/run_main:174:12)
    at phase4 (D:\wa\Backend-Test-Case\node_modules\ts-node\src\bin.ts:649:14)
 [LOGGER] 2024-09-28 12:14:08.222 PM ERROR : uncaughtException: ENOENT: no such file or directory, open 'D:\docs\swagger.json'
Error: ENOENT: no such file or directory, open 'D:\docs\swagger.json'
    at readFileSync (node:fs:448:20)
    at Object.<anonymous> (D:\wa\Backend-Test-Case\src\index.ts:12:44)
    at Module._compile (node:internal/modules/cjs/loader:1469:14)
    at Module.m._compile (D:\wa\Backend-Test-Case\node_modules\ts-node\src\index.ts:1618:23)
    at Module._extensions..js (node:internal/modules/cjs/loader:1548:10)
    at Object.require.extensions.<computed> [as .ts] (D:\wa\Backend-Test-Case\node_modules\ts-node\src\index.ts:1621:12)
    at Module.load (node:internal/modules/cjs/loader:1288:32)
    at Function.Module._load (node:internal/modules/cjs/loader:1104:12)
    at Function.executeUserEntryPoint [as runMain] (node:internal/modules/run_main:174:12)
    at phase4 (D:\wa\Backend-Test-Case\node_modules\ts-node\src\bin.ts:649:14)
